[Licensing::Module] Trying to connect to existing licensing client channel...
Built from '6000.2/staging' branch; Version is '6000.2.14f1 (589824c1fc31) revision 5806116'; Using compiler version '194234433'; Build Type 'Release'
[Licensing::IpcConnector] Successfully connected to: "LicenseClient-khush" at "2025-12-11T16:01:47.4940946Z"
OS: 'Windows 11  (10.0.26200) 64bit CoreSingleLanguage' Language: 'en' Physical Memory: 7549 MB
BatchMode: 1, IsHumanControllingUs: 0, StartBugReporterOnCrash: 0, Is64bit: 1
Date: 2025-12-11T16:01:47Z

COMMAND LINE ARGUMENTS:
C:\Program Files\Unity\Hub\Editor\6000.2.14f1\Editor\Unity.exe
-adb2
-batchMode
-noUpm
-name
AssetImportWorker2
-projectPath
C:/Users/khush/VisionPlay_VR
-logFile
Logs/AssetImportWorker2.log
-srvPort
62855
-licensingIpc
LicenseClient-khush
-job-worker-count
5
-background-job-worker-count
8
-gc-helper-count
1
-name
AssetImport
Successfully changed project path to: C:/Users/khush/VisionPlay_VR
C:/Users/khush/VisionPlay_VR
[UnityMemory] Configuration Parameters - Can be set up in boot.config
    "memorysetup-allocator-temp-initial-block-size-main=262144"
    "memorysetup-allocator-temp-initial-block-size-worker=262144"
    "memorysetup-bucket-allocator-granularity=16"
    "memorysetup-bucket-allocator-bucket-count=8"
    "memorysetup-bucket-allocator-block-size=33554432"
    "memorysetup-bucket-allocator-block-count=8"
    "memorysetup-main-allocator-block-size=16777216"
    "memorysetup-thread-allocator-block-size=16777216"
    "memorysetup-gfx-main-allocator-block-size=16777216"
    "memorysetup-gfx-thread-allocator-block-size=16777216"
    "memorysetup-cache-allocator-block-size=4194304"
    "memorysetup-typetree-allocator-block-size=2097152"
    "memorysetup-profiler-bucket-allocator-granularity=16"
    "memorysetup-profiler-bucket-allocator-bucket-count=8"
    "memorysetup-profiler-bucket-allocator-block-size=33554432"
    "memorysetup-profiler-bucket-allocator-block-count=8"
    "memorysetup-profiler-allocator-block-size=16777216"
    "memorysetup-profiler-editor-allocator-block-size=1048576"
    "memorysetup-temp-allocator-size-main=16777216"
    "memorysetup-job-temp-allocator-block-size=2097152"
    "memorysetup-job-temp-allocator-block-size-background=1048576"
    "memorysetup-job-temp-allocator-reduction-small-platforms=262144"
    "memorysetup-temp-allocator-size-background-worker=32768"
    "memorysetup-temp-allocator-size-job-worker=262144"
    "memorysetup-temp-allocator-size-preload-manager=33554432"
    "memorysetup-temp-allocator-size-nav-mesh-worker=65536"
    "memorysetup-temp-allocator-size-audio-worker=65536"
    "memorysetup-temp-allocator-size-cloud-worker=32768"
    "memorysetup-temp-allocator-size-gi-baking-worker=262144"
    "memorysetup-temp-allocator-size-gi-baking-worker=262144"
    "memorysetup-temp-allocator-size-gi-baking-worker=262144"
    "memorysetup-temp-allocator-size-gi-baking-worker=262144"
    "memorysetup-temp-allocator-size-gi-baking-worker=262144"
    "memorysetup-temp-allocator-size-gfx=262144"
Player connection [21604]  Target information:

Player connection [21604]  * "[IP] 192.168.0.101 [Port] 0 [Flags] 2 [Guid] 472643476 [EditorId] 472643476 [Version] 1048832 [Id] WindowsEditor(7,khushi) [Debug] 1 [PackageName] WindowsEditor [ProjectName] Editor" 

Player connection [21604] Host joined multi-casting on [225.0.0.222:54997]...
Player connection [21604] Host joined alternative multi-casting on [225.0.0.222:34997]...
JobSystem: Creating JobQueue using job-worker-count value 5
Input System module state changed to: Initialized.
[Physics::Module] Initialized fallback backend.
[Physics::Module] Id: 0xdecafbad
Library Redirect Path: Library/
[Physics::Module] Selected backend.
[Physics::Module] Name: PhysX
[Physics::Module] Id: 0xf2b8ea05
[Physics::Module] SDK Version: 4.1.2
[Physics::Module] Integration Version: 1.0.0
[Physics::Module] Threading Mode: Multi-Threaded
[Licensing::Module] Licensing is not yet initialized.
[Licensing::Client] Handshaking with LicensingClient:
  Version:                 1.17.4+4293ba1
  Session Id:              36f0b712390849a38948ce9d48036123
  Correlation Id:          9b53b2b987469c165709a1ae35a5b1f5
  External correlation Id: 5896420313328435364
  Machine Id:              NTsTAmZk5rUeZXKWq9tsbAW5Hu4=
[Licensing::Module] Successfully connected to LicensingClient on channel: "LicenseClient-khush" (connect: 0.00s, validation: 0.00s, handshake: 3.77s)
[Licensing::IpcConnector] Successfully connected to: "LicenseClient-khush-notifications" at "2025-12-11T16:01:51.2690937Z"
[Licensing::Module] Licensing Background thread has ended after 3.78s
[Licensing::Module] Licensing is initialized (took 3.63s).
[Licensing::Client] Successfully resolved entitlement details
[Licensing::Module] License group:
  Id: 13469359812253-UnityPersXXXX
  Product: Unity Personal
  Type: Assigned
  Expiration: Unlimited
Refreshing native plugins compatible for Editor in 11.53 ms, found 3 plugins.
Preloading 0 native plugins for Editor in 0.00 ms.
Initialize engine version: 6000.2.14f1 (589824c1fc31)
[Subsystems] Discovering subsystems at path C:/Program Files/Unity/Hub/Editor/6000.2.14f1/Editor/Data/Resources/UnitySubsystems
[Subsystems] Discovering subsystems at path C:/Users/khush/VisionPlay_VR/Assets
GfxDevice: creating device client; kGfxThreadingModeNonThreaded
Direct3D:
    Version:  Direct3D 11.0 [level 11.1]
    Renderer: NVIDIA GeForce GTX 1650 (ID=0x1f99)
    Vendor:   NVIDIA
    VRAM:     3937 MB
    Driver:   32.0.15.7283
Initialize mono
Mono path[0] = 'C:/Program Files/Unity/Hub/Editor/6000.2.14f1/Editor/Data/Managed'
Mono path[1] = 'C:/Program Files/Unity/Hub/Editor/6000.2.14f1/Editor/Data/MonoBleedingEdge/lib/mono/unityjit-win32'
Mono config path = 'C:/Program Files/Unity/Hub/Editor/6000.2.14f1/Editor/Data/MonoBleedingEdge/etc'
Using monoOptions --debugger-agent=transport=dt_socket,embedding=1,server=y,suspend=n,address=127.0.0.1:56556
Begin MonoManager ReloadAssembly
Registering precompiled unity dll's ...
Register platform support module: C:/Program Files/Unity/Hub/Editor/6000.2.14f1/Editor/Data/PlaybackEngines/WindowsStandaloneSupport/UnityEditor.WindowsStandalone.Extensions.dll
Register platform support module: C:/Program Files/Unity/Hub/Editor/6000.2.14f1/Editor/Data/PlaybackEngines/AndroidPlayer/UnityEditor.Android.Extensions.dll
Registered in 0.012581 seconds.
- Loaded All Assemblies, in  1.164 seconds
Native extension for Android target not found
Android Extension - Scanning For ADB Devices 868 ms
Native extension for WindowsStandalone target not found
Mono: successfully reloaded assembly
- Finished resetting the current domain, in  1.987 seconds
Domain Reload Profiling: 3143ms
	BeginReloadAssembly (442ms)
		ExecutionOrderSort (0ms)
		DisableScriptedObjects (0ms)
		BackupInstance (0ms)
		ReleaseScriptingObjects (0ms)
		CreateAndSetChildDomain (2ms)
	RebuildCommonClasses (92ms)
	RebuildNativeTypeToScriptingClass (24ms)
	initialDomainReloadingComplete (162ms)
	LoadAllAssembliesAndSetupDomain (435ms)
		LoadAssemblies (429ms)
		RebuildTransferFunctionScriptingTraits (0ms)
		AnalyzeDomain (426ms)
			TypeCache.Refresh (413ms)
				TypeCache.ScanAssembly (379ms)
			BuildScriptInfoCaches (3ms)
			ResolveRequiredComponents (2ms)
	FinalizeReload (1988ms)
		ReleaseScriptCaches (0ms)
		RebuildScriptCaches (0ms)
		SetupLoadedEditorAssemblies (1849ms)
			LogAssemblyErrors (0ms)
			InitializePlatformSupportModulesInManaged (1156ms)
			SetLoadedEditorAssemblies (7ms)
			BeforeProcessingInitializeOnLoad (192ms)
			ProcessInitializeOnLoadAttributes (328ms)
			ProcessInitializeOnLoadMethodAttributes (165ms)
			AfterProcessingInitializeOnLoad (0ms)
			EditorAssembliesLoaded (0ms)
		ExecutionOrderSort2 (0ms)
		AwakeInstancesAfterBackupRestoration (0ms)
========================================================================
Worker process is ready to serve import requests
Import Worker Mode flag is 0x00
Begin MonoManager ReloadAssembly
[Licensing::Client] Successfully resolved entitlement details
- Loaded All Assemblies, in  2.402 seconds
Refreshing native plugins compatible for Editor in 5.05 ms, found 3 plugins.
Native extension for Android target not found
Native extension for WindowsStandalone target not found
Package Manager log level set to [2]
[Package Manager] Failed to launch server process. Reason: Unity was launched with the -noUpm command-line argument
[Package Manager] Unable to send message (not connected to server process).
[Package Manager] Cannot connect to Unity Package Manager local server
Mono: successfully reloaded assembly
[Package Manager] Failed to launch server process. Reason: Unity was launched with the -noUpm command-line argument
[Package Manager] Unable to send message (not connected to server process).
[Package Manager] Cannot connect to Unity Package Manager local server
[Package Manager] Failed to launch server process. Reason: Unity was launched with the -noUpm command-line argument
[Package Manager] Unable to send message (not connected to server process).
[Package Manager] Cannot connect to Unity Package Manager local server
- Finished resetting the current domain, in  2.164 seconds
Domain Reload Profiling: 4530ms
	BeginReloadAssembly (443ms)
		ExecutionOrderSort (0ms)
		DisableScriptedObjects (16ms)
		BackupInstance (0ms)
		ReleaseScriptingObjects (0ms)
		CreateAndSetChildDomain (74ms)
	RebuildCommonClasses (92ms)
	RebuildNativeTypeToScriptingClass (26ms)
	initialDomainReloadingComplete (95ms)
	LoadAllAssembliesAndSetupDomain (1709ms)
		LoadAssemblies (1240ms)
		RebuildTransferFunctionScriptingTraits (0ms)
		AnalyzeDomain (715ms)
			TypeCache.Refresh (579ms)
				TypeCache.ScanAssembly (538ms)
			BuildScriptInfoCaches (115ms)
			ResolveRequiredComponents (13ms)
	FinalizeReload (2165ms)
		ReleaseScriptCaches (0ms)
		RebuildScriptCaches (0ms)
		SetupLoadedEditorAssemblies (1450ms)
			LogAssemblyErrors (0ms)
			InitializePlatformSupportModulesInManaged (27ms)
			SetLoadedEditorAssemblies (8ms)
			BeforeProcessingInitializeOnLoad (318ms)
			ProcessInitializeOnLoadAttributes (823ms)
			ProcessInitializeOnLoadMethodAttributes (258ms)
			AfterProcessingInitializeOnLoad (16ms)
			EditorAssembliesLoaded (1ms)
		ExecutionOrderSort2 (0ms)
		AwakeInstancesAfterBackupRestoration (23ms)
Launched and connected shader compiler UnityShaderCompiler.exe after 0.03 seconds
Refreshing native plugins compatible for Editor in 3.27 ms, found 3 plugins.
Preloading 0 native plugins for Editor in 0.00 ms.
Unloading 14 Unused Serialized files (Serialized files now loaded: 0)
Unloading 6365 unused Assets / (3.2 MB). Loaded Objects now: 7062.
Memory consumption went from 129.7 MB to 126.5 MB.
Total: 33.646100 ms (FindLiveObjects: 1.332800 ms CreateObjectMapping: 3.700900 ms MarkObjects: 18.605000 ms  DeleteObjects: 10.004700 ms)

========================================================================
Received Import Request.
  Time since last request: 70807.488345 seconds.
  path: Assets/8K Skybox Pack Free/Example Scenes/sky-12Settings.lighting
  artifactKey: Guid(ce9a5bc269bc4fa458d984b2e4aaa3ec) Importer(2089858483,192608db42251d675da83286b1cce702)
Start importing Assets/8K Skybox Pack Free/Example Scenes/sky-12Settings.lighting using Guid(ce9a5bc269bc4fa458d984b2e4aaa3ec) Importer(2089858483,192608db42251d675da83286b1cce702) (ScriptedImporter) -> (artifact id: '33d4b373d0923f6a6a603bdb396fbc00') in 0.6280099 seconds
Number of updated asset objects reloaded before import = 0Number of asset objects unloaded after import = 1

========================================================================
Received Import Request.
  Time since last request: 0.000059 seconds.
  path: Assets/8K Skybox Pack Free/Skyboxes/Material/sky-12.mat
  artifactKey: Guid(356decb03293f22498cb5565d128c9da) Importer(2089858483,192608db42251d675da83286b1cce702)
Start importing Assets/8K Skybox Pack Free/Skyboxes/Material/sky-12.mat using Guid(356decb03293f22498cb5565d128c9da) Importer(2089858483,192608db42251d675da83286b1cce702) (ScriptedImporter) -> (artifact id: 'b6b80df66f9c543ede13d3cae549f1de') in 1.3844566 seconds
Number of updated asset objects reloaded before import = 0Number of asset objects unloaded after import = 2

========================================================================
Received Import Request.
  Time since last request: 0.000061 seconds.
  path: Assets/Sat Productions/G-01/Street Lights Pack 01/Scenes/Demo Scene.unity
  artifactKey: Guid(5dadcb34cd248f54d939b18bce4d8d1f) Importer(2089858483,192608db42251d675da83286b1cce702)
Start importing Assets/Sat Productions/G-01/Street Lights Pack 01/Scenes/Demo Scene.unity using Guid(5dadcb34cd248f54d939b18bce4d8d1f) Importer(2089858483,192608db42251d675da83286b1cce702) (ScriptedImporter) -> (artifact id: 'e1607eb3a037dc045767f8ca3360c9cc') in 0.020505 seconds
Number of updated asset objects reloaded before import = 0Number of asset objects unloaded after import = 1

========================================================================
Received Import Request.
  Time since last request: 0.000026 seconds.
  path: Assets/Sat Productions/G-01/Street Lights Pack 01/Prefabs/Street_Light_A_03.prefab
  artifactKey: Guid(827cbc1ab1ce9624da980abeb36b6df5) Importer(2089858483,192608db42251d675da83286b1cce702)
Start importing Assets/Sat Productions/G-01/Street Lights Pack 01/Prefabs/Street_Light_A_03.prefab using Guid(827cbc1ab1ce9624da980abeb36b6df5) Importer(2089858483,192608db42251d675da83286b1cce702) (ScriptedImporter) -> (artifact id: '6b69d896e9e7c93c8a15fca14ea87213') in 0.0693586 seconds
Number of updated asset objects reloaded before import = 0Number of asset objects unloaded after import = 25

========================================================================
Received Import Request.
  Time since last request: 0.000030 seconds.
  path: Assets/8K Skybox Pack Free/Example Scenes/Script
  artifactKey: Guid(3ff0571b95c9964438292ff4684e027a) Importer(2089858483,192608db42251d675da83286b1cce702)
Start importing Assets/8K Skybox Pack Free/Example Scenes/Script using Guid(3ff0571b95c9964438292ff4684e027a) Importer(2089858483,192608db42251d675da83286b1cce702) (ScriptedImporter) -> (artifact id: 'c0d14c2bc0a798ad547955d70ebe9006') in 0.0192868 seconds
Number of updated asset objects reloaded before import = 0Number of asset objects unloaded after import = 1

========================================================================
Received Import Request.
  Time since last request: 0.000099 seconds.
  path: Assets/8K Skybox Pack Free/Skyboxes/Material/sky-9.mat
  artifactKey: Guid(52d44e5692d0c134f9b2ed3abd21fb73) Importer(2089858483,192608db42251d675da83286b1cce702)
Start importing Assets/8K Skybox Pack Free/Skyboxes/Material/sky-9.mat using Guid(52d44e5692d0c134f9b2ed3abd21fb73) Importer(2089858483,192608db42251d675da83286b1cce702) (ScriptedImporter) -> (artifact id: '3f2735e77aaf143f3023182700d29ada') in 1.438173 seconds
Number of updated asset objects reloaded before import = 0Number of asset objects unloaded after import = 2

========================================================================
Received Import Request.
  Time since last request: 0.000059 seconds.
  path: Assets/Sat Productions/G-01/Street Lights Pack 01/Prefabs/Street_Light_A_10.prefab
  artifactKey: Guid(049e59ffe3a9d06469e9bedc8aff211c) Importer(2089858483,192608db42251d675da83286b1cce702)
Start importing Assets/Sat Productions/G-01/Street Lights Pack 01/Prefabs/Street_Light_A_10.prefab using Guid(049e59ffe3a9d06469e9bedc8aff211c) Importer(2089858483,192608db42251d675da83286b1cce702) (ScriptedImporter) -> (artifact id: 'dbcf14863ee0bf4aeeef366f82ab77d6') in 0.0458006 seconds
Number of updated asset objects reloaded before import = 0Number of asset objects unloaded after import = 17

