[Licensing::Module] Trying to connect to existing licensing client channel...
Built from '6000.2/staging' branch; Version is '6000.2.14f1 (589824c1fc31) revision 5806116'; Using compiler version '194234433'; Build Type 'Release'
[Licensing::IpcConnector] Successfully connected to: "LicenseClient-khush" at "2025-12-11T15:59:33.0894878Z"
OS: 'Windows 11  (10.0.26200) 64bit CoreSingleLanguage' Language: 'en' Physical Memory: 7549 MB
BatchMode: 1, IsHumanControllingUs: 0, StartBugReporterOnCrash: 0, Is64bit: 1
Date: 2025-12-11T15:59:33Z

COMMAND LINE ARGUMENTS:
C:\Program Files\Unity\Hub\Editor\6000.2.14f1\Editor\Unity.exe
-adb2
-batchMode
-noUpm
-name
AssetImportWorker0
-projectPath
C:/Users/khush/VisionPlay_VR
-logFile
Logs/AssetImportWorker0.log
-srvPort
62855
-licensingIpc
LicenseClient-khush
-job-worker-count
5
-background-job-worker-count
8
-gc-helper-count
1
-name
AssetImport
Successfully changed project path to: C:/Users/khush/VisionPlay_VR
C:/Users/khush/VisionPlay_VR
[UnityMemory] Configuration Parameters - Can be set up in boot.config
    "memorysetup-allocator-temp-initial-block-size-main=262144"
    "memorysetup-allocator-temp-initial-block-size-worker=262144"
    "memorysetup-bucket-allocator-granularity=16"
    "memorysetup-bucket-allocator-bucket-count=8"
    "memorysetup-bucket-allocator-block-size=33554432"
    "memorysetup-bucket-allocator-block-count=8"
    "memorysetup-main-allocator-block-size=16777216"
    "memorysetup-thread-allocator-block-size=16777216"
    "memorysetup-gfx-main-allocator-block-size=16777216"
    "memorysetup-gfx-thread-allocator-block-size=16777216"
    "memorysetup-cache-allocator-block-size=4194304"
    "memorysetup-typetree-allocator-block-size=2097152"
    "memorysetup-profiler-bucket-allocator-granularity=16"
    "memorysetup-profiler-bucket-allocator-bucket-count=8"
    "memorysetup-profiler-bucket-allocator-block-size=33554432"
    "memorysetup-profiler-bucket-allocator-block-count=8"
    "memorysetup-profiler-allocator-block-size=16777216"
    "memorysetup-profiler-editor-allocator-block-size=1048576"
    "memorysetup-temp-allocator-size-main=16777216"
    "memorysetup-job-temp-allocator-block-size=2097152"
    "memorysetup-job-temp-allocator-block-size-background=1048576"
    "memorysetup-job-temp-allocator-reduction-small-platforms=262144"
    "memorysetup-temp-allocator-size-background-worker=32768"
    "memorysetup-temp-allocator-size-job-worker=262144"
    "memorysetup-temp-allocator-size-preload-manager=33554432"
    "memorysetup-temp-allocator-size-nav-mesh-worker=65536"
    "memorysetup-temp-allocator-size-audio-worker=65536"
    "memorysetup-temp-allocator-size-cloud-worker=32768"
    "memorysetup-temp-allocator-size-gi-baking-worker=262144"
    "memorysetup-temp-allocator-size-gi-baking-worker=262144"
    "memorysetup-temp-allocator-size-gi-baking-worker=262144"
    "memorysetup-temp-allocator-size-gi-baking-worker=262144"
    "memorysetup-temp-allocator-size-gi-baking-worker=262144"
    "memorysetup-temp-allocator-size-gfx=262144"
Player connection [10836]  Target information:

Player connection [10836]  * "[IP] 192.168.0.101 [Port] 0 [Flags] 2 [Guid] 264566293 [EditorId] 264566293 [Version] 1048832 [Id] WindowsEditor(7,khushi) [Debug] 1 [PackageName] WindowsEditor [ProjectName] Editor" 

Player connection [10836] Host joined multi-casting on [225.0.0.222:54997]...
Player connection [10836] Host joined alternative multi-casting on [225.0.0.222:34997]...
JobSystem: Creating JobQueue using job-worker-count value 5
Input System module state changed to: Initialized.
[Physics::Module] Initialized fallback backend.
[Physics::Module] Id: 0xdecafbad
Library Redirect Path: Library/
[Physics::Module] Selected backend.
[Physics::Module] Name: PhysX
[Physics::Module] Id: 0xf2b8ea05
[Physics::Module] SDK Version: 4.1.2
[Physics::Module] Integration Version: 1.0.0
[Physics::Module] Threading Mode: Multi-Threaded
[Licensing::Module] Licensing is not yet initialized.
[Licensing::Client] Handshaking with LicensingClient:
  Version:                 1.17.4+4293ba1
  Session Id:              9203629160994e91aae1909deae77010
  Correlation Id:          9b53b2b987469c165709a1ae35a5b1f5
  External correlation Id: 2943715533301529517
  Machine Id:              NTsTAmZk5rUeZXKWq9tsbAW5Hu4=
[Licensing::Module] Successfully connected to LicensingClient on channel: "LicenseClient-khush" (connect: 0.00s, validation: 0.00s, handshake: 2.92s)
[Licensing::IpcConnector] Successfully connected to: "LicenseClient-khush-notifications" at "2025-12-11T15:59:36.0186677Z"
[Licensing::Module] Licensing Background thread has ended after 2.93s
[Licensing::Module] Licensing is initialized (took 2.70s).
[Licensing::Client] Successfully resolved entitlement details
[Licensing::Module] License group:
  Id: 13469359812253-UnityPersXXXX
  Product: Unity Personal
  Type: Assigned
  Expiration: Unlimited
Refreshing native plugins compatible for Editor in 10.47 ms, found 3 plugins.
Preloading 0 native plugins for Editor in 0.00 ms.
Initialize engine version: 6000.2.14f1 (589824c1fc31)
[Subsystems] Discovering subsystems at path C:/Program Files/Unity/Hub/Editor/6000.2.14f1/Editor/Data/Resources/UnitySubsystems
[Subsystems] Discovering subsystems at path C:/Users/khush/VisionPlay_VR/Assets
GfxDevice: creating device client; kGfxThreadingModeNonThreaded
Direct3D:
    Version:  Direct3D 11.0 [level 11.1]
    Renderer: NVIDIA GeForce GTX 1650 (ID=0x1f99)
    Vendor:   NVIDIA
    VRAM:     3937 MB
    Driver:   32.0.15.7283
Initialize mono
Mono path[0] = 'C:/Program Files/Unity/Hub/Editor/6000.2.14f1/Editor/Data/Managed'
Mono path[1] = 'C:/Program Files/Unity/Hub/Editor/6000.2.14f1/Editor/Data/MonoBleedingEdge/lib/mono/unityjit-win32'
Mono config path = 'C:/Program Files/Unity/Hub/Editor/6000.2.14f1/Editor/Data/MonoBleedingEdge/etc'
Using monoOptions --debugger-agent=transport=dt_socket,embedding=1,server=y,suspend=n,address=127.0.0.1:56348
Begin MonoManager ReloadAssembly
Registering precompiled unity dll's ...
Register platform support module: C:/Program Files/Unity/Hub/Editor/6000.2.14f1/Editor/Data/PlaybackEngines/WindowsStandaloneSupport/UnityEditor.WindowsStandalone.Extensions.dll
Register platform support module: C:/Program Files/Unity/Hub/Editor/6000.2.14f1/Editor/Data/PlaybackEngines/AndroidPlayer/UnityEditor.Android.Extensions.dll
Registered in 0.005528 seconds.
- Loaded All Assemblies, in  0.776 seconds
Native extension for Android target not found
Android Extension - Scanning For ADB Devices 551 ms
Native extension for WindowsStandalone target not found
Mono: successfully reloaded assembly
- Finished resetting the current domain, in  1.098 seconds
Domain Reload Profiling: 1868ms
	BeginReloadAssembly (299ms)
		ExecutionOrderSort (0ms)
		DisableScriptedObjects (0ms)
		BackupInstance (0ms)
		ReleaseScriptingObjects (0ms)
		CreateAndSetChildDomain (1ms)
	RebuildCommonClasses (63ms)
	RebuildNativeTypeToScriptingClass (18ms)
	initialDomainReloadingComplete (89ms)
	LoadAllAssembliesAndSetupDomain (301ms)
		LoadAssemblies (289ms)
		RebuildTransferFunctionScriptingTraits (0ms)
		AnalyzeDomain (297ms)
			TypeCache.Refresh (294ms)
				TypeCache.ScanAssembly (268ms)
			BuildScriptInfoCaches (0ms)
			ResolveRequiredComponents (1ms)
	FinalizeReload (1099ms)
		ReleaseScriptCaches (0ms)
		RebuildScriptCaches (0ms)
		SetupLoadedEditorAssemblies (1032ms)
			LogAssemblyErrors (0ms)
			InitializePlatformSupportModulesInManaged (713ms)
			SetLoadedEditorAssemblies (5ms)
			BeforeProcessingInitializeOnLoad (93ms)
			ProcessInitializeOnLoadAttributes (141ms)
			ProcessInitializeOnLoadMethodAttributes (80ms)
			AfterProcessingInitializeOnLoad (0ms)
			EditorAssembliesLoaded (0ms)
		ExecutionOrderSort2 (0ms)
		AwakeInstancesAfterBackupRestoration (0ms)
========================================================================
Worker process is ready to serve import requests
Import Worker Mode flag is 0x00
Begin MonoManager ReloadAssembly
[Licensing::Client] Successfully resolved entitlement details
- Loaded All Assemblies, in  2.565 seconds
Refreshing native plugins compatible for Editor in 5.38 ms, found 3 plugins.
Native extension for Android target not found
Native extension for WindowsStandalone target not found
Package Manager log level set to [2]
[Package Manager] Failed to launch server process. Reason: Unity was launched with the -noUpm command-line argument
[Package Manager] Unable to send message (not connected to server process).
[Package Manager] Cannot connect to Unity Package Manager local server
Mono: successfully reloaded assembly
[Package Manager] Failed to launch server process. Reason: Unity was launched with the -noUpm command-line argument
[Package Manager] Unable to send message (not connected to server process).
[Package Manager] Cannot connect to Unity Package Manager local server
[Package Manager] Failed to launch server process. Reason: Unity was launched with the -noUpm command-line argument
[Package Manager] Unable to send message (not connected to server process).
[Package Manager] Cannot connect to Unity Package Manager local server
- Finished resetting the current domain, in  1.462 seconds
Domain Reload Profiling: 3796ms
	BeginReloadAssembly (249ms)
		ExecutionOrderSort (0ms)
		DisableScriptedObjects (7ms)
		BackupInstance (0ms)
		ReleaseScriptingObjects (0ms)
		CreateAndSetChildDomain (38ms)
	RebuildCommonClasses (49ms)
	RebuildNativeTypeToScriptingClass (14ms)
	initialDomainReloadingComplete (52ms)
	LoadAllAssembliesAndSetupDomain (1969ms)
		LoadAssemblies (1744ms)
		RebuildTransferFunctionScriptingTraits (0ms)
		AnalyzeDomain (371ms)
			TypeCache.Refresh (279ms)
				TypeCache.ScanAssembly (248ms)
			BuildScriptInfoCaches (75ms)
			ResolveRequiredComponents (12ms)
	FinalizeReload (1463ms)
		ReleaseScriptCaches (0ms)
		RebuildScriptCaches (0ms)
		SetupLoadedEditorAssemblies (951ms)
			LogAssemblyErrors (0ms)
			InitializePlatformSupportModulesInManaged (21ms)
			SetLoadedEditorAssemblies (5ms)
			BeforeProcessingInitializeOnLoad (227ms)
			ProcessInitializeOnLoadAttributes (588ms)
			ProcessInitializeOnLoadMethodAttributes (101ms)
			AfterProcessingInitializeOnLoad (9ms)
			EditorAssembliesLoaded (0ms)
		ExecutionOrderSort2 (0ms)
		AwakeInstancesAfterBackupRestoration (7ms)
Launched and connected shader compiler UnityShaderCompiler.exe after 0.03 seconds
Refreshing native plugins compatible for Editor in 4.35 ms, found 3 plugins.
Preloading 0 native plugins for Editor in 0.00 ms.
Unloading 14 Unused Serialized files (Serialized files now loaded: 0)
Unloading 6365 unused Assets / (2.7 MB). Loaded Objects now: 7061.
Memory consumption went from 131.5 MB to 128.9 MB.
Total: 25.068100 ms (FindLiveObjects: 2.273100 ms CreateObjectMapping: 2.473000 ms MarkObjects: 13.866200 ms  DeleteObjects: 6.452500 ms)

========================================================================
Received Import Request.
  Time since last request: 70669.910011 seconds.
  path: Assets/8K Skybox Pack Free/Example Scenes/sky-1.unity
  artifactKey: Guid(5d52c366611a3cb47bf94b5bf4eb6af7) Importer(815301076,1909f56bfc062723c751e8b465ee728b)
Start importing Assets/8K Skybox Pack Free/Example Scenes/sky-1.unity using Guid(5d52c366611a3cb47bf94b5bf4eb6af7) Importer(815301076,1909f56bfc062723c751e8b465ee728b) (PreviewImporter) -> (artifact id: '3ff1f866ebb946e9780de19d5cbaf955') in 0.0163634 seconds
Number of updated asset objects reloaded before import = 0Number of asset objects unloaded after import = 0

========================================================================
Received Import Request.
  Time since last request: 20.751742 seconds.
  path: Assets/8K Skybox Pack Free/Example Scenes/sky-2.unity
  artifactKey: Guid(3fa6925b47b05f34e9d6bdf9de1e80e3) Importer(815301076,1909f56bfc062723c751e8b465ee728b)
Start importing Assets/8K Skybox Pack Free/Example Scenes/sky-2.unity using Guid(3fa6925b47b05f34e9d6bdf9de1e80e3) Importer(815301076,1909f56bfc062723c751e8b465ee728b) (PreviewImporter) -> (artifact id: '48e6ee4ccb68e40f4d9e4b8f5cab4112') in 0.0013352 seconds
Number of updated asset objects reloaded before import = 0Number of asset objects unloaded after import = 0

========================================================================
Received Import Request.
  Time since last request: 101.415616 seconds.
  path: Assets/Playground Low Poly/Maps/Demo.unity
  artifactKey: Guid(b0de0711692b843459ecac0863bcc297) Importer(2089858483,192608db42251d675da83286b1cce702)
Start importing Assets/Playground Low Poly/Maps/Demo.unity using Guid(b0de0711692b843459ecac0863bcc297) Importer(2089858483,192608db42251d675da83286b1cce702) (ScriptedImporter) -> (artifact id: '1543dcceeb1167a220a9704b54a91b13') in 0.2537836 seconds
Number of updated asset objects reloaded before import = 0Number of asset objects unloaded after import = 1

========================================================================
Received Import Request.
  Time since last request: 0.000035 seconds.
  path: Assets/Sat Productions/G-01/Street Lights Pack 01/Info/Street Lights Pack 01 - Info Document.pdf
  artifactKey: Guid(07cdee7531ede91458dd8d66d6592221) Importer(2089858483,192608db42251d675da83286b1cce702)
Start importing Assets/Sat Productions/G-01/Street Lights Pack 01/Info/Street Lights Pack 01 - Info Document.pdf using Guid(07cdee7531ede91458dd8d66d6592221) Importer(2089858483,192608db42251d675da83286b1cce702) (ScriptedImporter) -> (artifact id: '6de0d2ee27b2840d22a4e40cd67b0e17') in 0.0069285 seconds
Number of updated asset objects reloaded before import = 0Number of asset objects unloaded after import = 1

========================================================================
Received Import Request.
  Time since last request: 0.000034 seconds.
  path: Assets/Sat Productions/G-01/Street Lights Pack 01/Scenes/Demo/Stand.prefab
  artifactKey: Guid(835714443c3b5864a802edd531e2578a) Importer(2089858483,192608db42251d675da83286b1cce702)
Start importing Assets/Sat Productions/G-01/Street Lights Pack 01/Scenes/Demo/Stand.prefab using Guid(835714443c3b5864a802edd531e2578a) Importer(2089858483,192608db42251d675da83286b1cce702) (ScriptedImporter) -> (artifact id: 'ae89e8fb063dc6cda9171b0a80b2ecc7') in 0.0999426 seconds
Number of updated asset objects reloaded before import = 0Number of asset objects unloaded after import = 8

========================================================================
Received Import Request.
  Time since last request: 0.000026 seconds.
  path: Assets/8K Skybox Pack Free/Example Scenes/sky-5Settings.lighting
  artifactKey: Guid(02da2eff96931324688714e8d1160bda) Importer(2089858483,192608db42251d675da83286b1cce702)
Start importing Assets/8K Skybox Pack Free/Example Scenes/sky-5Settings.lighting using Guid(02da2eff96931324688714e8d1160bda) Importer(2089858483,192608db42251d675da83286b1cce702) (ScriptedImporter) -> (artifact id: '25db4a967f8bb97099f38d14fd85b9ab') in 0.0362068 seconds
Number of updated asset objects reloaded before import = 0Number of asset objects unloaded after import = 1

========================================================================
Received Import Request.
  Time since last request: 0.000028 seconds.
  path: Assets/Sat Productions/G-01/Street Lights Pack 01/Mesh
  artifactKey: Guid(0a55a74db365fcc47bf03541827511d2) Importer(2089858483,192608db42251d675da83286b1cce702)
Start importing Assets/Sat Productions/G-01/Street Lights Pack 01/Mesh using Guid(0a55a74db365fcc47bf03541827511d2) Importer(2089858483,192608db42251d675da83286b1cce702) (ScriptedImporter) -> (artifact id: 'accda1357a299667ebcb864cfecefb4d') in 0.0056566 seconds
Number of updated asset objects reloaded before import = 0Number of asset objects unloaded after import = 1

========================================================================
Received Import Request.
  Time since last request: 0.000034 seconds.
  path: Assets/8K Skybox Pack Free/Example Scenes/sky-2.unity
  artifactKey: Guid(3fa6925b47b05f34e9d6bdf9de1e80e3) Importer(2089858483,192608db42251d675da83286b1cce702)
Start importing Assets/8K Skybox Pack Free/Example Scenes/sky-2.unity using Guid(3fa6925b47b05f34e9d6bdf9de1e80e3) Importer(2089858483,192608db42251d675da83286b1cce702) (ScriptedImporter) -> (artifact id: '4b53f326f16367bad69797834d689146') in 0.0111833 seconds
Number of updated asset objects reloaded before import = 0Number of asset objects unloaded after import = 1

========================================================================
Received Import Request.
  Time since last request: 0.000021 seconds.
  path: Assets/Sat Productions/G-01/Street Lights Pack 01/Materials/Street_Light_A.mat
  artifactKey: Guid(e7a6e63395425e44e9788650a9bce9d2) Importer(2089858483,192608db42251d675da83286b1cce702)
Start importing Assets/Sat Productions/G-01/Street Lights Pack 01/Materials/Street_Light_A.mat using Guid(e7a6e63395425e44e9788650a9bce9d2) Importer(2089858483,192608db42251d675da83286b1cce702) (ScriptedImporter) -> (artifact id: '5e94afbf82845472848337dbdad529c3') in 0.2748299 seconds
Number of updated asset objects reloaded before import = 0Number of asset objects unloaded after import = 4

========================================================================
Received Import Request.
  Time since last request: 0.000042 seconds.
  path: Assets/8K Skybox Pack Free/Example Scenes/sky-7Settings.lighting
  artifactKey: Guid(043c571c7e0d51d48bc2c2597c287e1d) Importer(2089858483,192608db42251d675da83286b1cce702)
Start importing Assets/8K Skybox Pack Free/Example Scenes/sky-7Settings.lighting using Guid(043c571c7e0d51d48bc2c2597c287e1d) Importer(2089858483,192608db42251d675da83286b1cce702) (ScriptedImporter) -> (artifact id: '6729d14182cace41ddcbe572a14ee0bf') in 0.0127604 seconds
Number of updated asset objects reloaded before import = 0Number of asset objects unloaded after import = 1

========================================================================
Received Import Request.
  Time since last request: 0.000036 seconds.
  path: Assets/Sat Productions/G-01/Street Lights Pack 01/Materials/Light.mat
  artifactKey: Guid(08b9f54bed367d94c97fdd4f491428e5) Importer(2089858483,192608db42251d675da83286b1cce702)
Start importing Assets/Sat Productions/G-01/Street Lights Pack 01/Materials/Light.mat using Guid(08b9f54bed367d94c97fdd4f491428e5) Importer(2089858483,192608db42251d675da83286b1cce702) (ScriptedImporter) -> (artifact id: 'abf9137afedd948f88487ccedaa9369b') in 0.2199147 seconds
Number of updated asset objects reloaded before import = 0Number of asset objects unloaded after import = 4

========================================================================
Received Import Request.
  Time since last request: 0.000061 seconds.
  path: Assets/8K Skybox Pack Free/Example Scenes/sky-1
  artifactKey: Guid(b8266cf4f00e85f4286844176c14a219) Importer(2089858483,192608db42251d675da83286b1cce702)
Start importing Assets/8K Skybox Pack Free/Example Scenes/sky-1 using Guid(b8266cf4f00e85f4286844176c14a219) Importer(2089858483,192608db42251d675da83286b1cce702) (ScriptedImporter) -> (artifact id: '4e0a32a0875de2ce9cc8dc7b4e350dbd') in 0.0048573 seconds
Number of updated asset objects reloaded before import = 0Number of asset objects unloaded after import = 1

========================================================================
Received Import Request.
  Time since last request: 0.000062 seconds.
  path: Assets/8K Skybox Pack Free/Example Scenes/sky-12.unity
  artifactKey: Guid(7dc5da4d97a696742aef5eacb1f51e13) Importer(2089858483,192608db42251d675da83286b1cce702)
Start importing Assets/8K Skybox Pack Free/Example Scenes/sky-12.unity using Guid(7dc5da4d97a696742aef5eacb1f51e13) Importer(2089858483,192608db42251d675da83286b1cce702) (ScriptedImporter) -> (artifact id: 'c387ec27fc08ff7f4dc189b1f26fe59e') in 0.0094653 seconds
Number of updated asset objects reloaded before import = 0Number of asset objects unloaded after import = 1

========================================================================
Received Import Request.
  Time since last request: 0.000033 seconds.
  path: Assets/Sat Productions/G-01/Street Lights Pack 01/Street Lights Pack 01 URP.unitypackage
  artifactKey: Guid(87ddd4b8fd9256e4e8e9fe3e0eacbe89) Importer(2089858483,192608db42251d675da83286b1cce702)
Start importing Assets/Sat Productions/G-01/Street Lights Pack 01/Street Lights Pack 01 URP.unitypackage using Guid(87ddd4b8fd9256e4e8e9fe3e0eacbe89) Importer(2089858483,192608db42251d675da83286b1cce702) (ScriptedImporter) -> (artifact id: 'ea64879d9d94ca2c3201e6873d0d3f03') in 0.01248 seconds
Number of updated asset objects reloaded before import = 0Number of asset objects unloaded after import = 1

========================================================================
Received Import Request.
  Time since last request: 0.000025 seconds.
  path: Assets/Sat Productions/G-01/Street Lights Pack 01/Scenes/Demo Scene/ReflectionProbe-0.exr
  artifactKey: Guid(062c9692f300ced478eac4ed4eade5b0) Importer(2089858483,192608db42251d675da83286b1cce702)
Start importing Assets/Sat Productions/G-01/Street Lights Pack 01/Scenes/Demo Scene/ReflectionProbe-0.exr using Guid(062c9692f300ced478eac4ed4eade5b0) Importer(2089858483,192608db42251d675da83286b1cce702) (ScriptedImporter)[Licensing::Client] Successfully resolved entitlement details
 -> (artifact id: '1c5fc31100852806faff568a08351069') in 0.0652036 seconds
Number of updated asset objects reloaded before import = 0Number of asset objects unloaded after import = 1

========================================================================
Received Import Request.
  Time since last request: 0.000038 seconds.
  path: Assets/8K Skybox Pack Free/Example Scenes/sky-11.unity
  artifactKey: Guid(38407c5cf340cf344890b8a89d087ff5) Importer(2089858483,192608db42251d675da83286b1cce702)
Start importing Assets/8K Skybox Pack Free/Example Scenes/sky-11.unity using Guid(38407c5cf340cf344890b8a89d087ff5) Importer(2089858483,192608db42251d675da83286b1cce702) (ScriptedImporter) -> (artifact id: '588cbc0f72cc9bb467ad2ecadc7fd5a7') in 0.0067647 seconds
Number of updated asset objects reloaded before import = 0Number of asset objects unloaded after import = 1

========================================================================
Received Import Request.
  Time since last request: 0.000023 seconds.
  path: Assets/8K Skybox Pack Free/Example Scenes/sky-11Settings.lighting
  artifactKey: Guid(c2f911092aca68247b9508682166744e) Importer(2089858483,192608db42251d675da83286b1cce702)
Start importing Assets/8K Skybox Pack Free/Example Scenes/sky-11Settings.lighting using Guid(c2f911092aca68247b9508682166744e) Importer(2089858483,192608db42251d675da83286b1cce702) (ScriptedImporter) -> (artifact id: '11c39a890a389176b95bb02a538fa4c7') in 0.0085004 seconds
Number of updated asset objects reloaded before import = 0Number of asset objects unloaded after import = 1

========================================================================
Received Import Request.
  Time since last request: 0.000018 seconds.
  path: Assets/8K Skybox Pack Free/Skyboxes/Texture/sky-1.png
  artifactKey: Guid(2288e023d12a740468d683a2c1ebddc8) Importer(2089858483,192608db42251d675da83286b1cce702)
Start importing Assets/8K Skybox Pack Free/Skyboxes/Texture/sky-1.png using Guid(2288e023d12a740468d683a2c1ebddc8) Importer(2089858483,192608db42251d675da83286b1cce702) (ScriptedImporter) -> (artifact id: 'f79b1d8876f8162ed0d8c6a552e0d4bd') in 1.2175374 seconds
Number of updated asset objects reloaded before import = 0Number of asset objects unloaded after import = 1

========================================================================
Received Import Request.
  Time since last request: 0.000056 seconds.
  path: Assets/8K Skybox Pack Free/Example Scenes/sky-2
  artifactKey: Guid(e0c1d6abe9085e741b7f763cfdfde952) Importer(2089858483,192608db42251d675da83286b1cce702)
Start importing Assets/8K Skybox Pack Free/Example Scenes/sky-2 using Guid(e0c1d6abe9085e741b7f763cfdfde952) Importer(2089858483,192608db42251d675da83286b1cce702) (ScriptedImporter) -> (artifact id: 'c19999059c89258e5d9cdf4024e3fcf2') in 0.0088252 seconds
Number of updated asset objects reloaded before import = 0Number of asset objects unloaded after import = 1

========================================================================
Received Import Request.
  Time since last request: 0.000037 seconds.
  path: Assets/8K Skybox Pack Free/Example Scenes/sky-9Settings.lighting
  artifactKey: Guid(51832a879061a714f858525eca4b158a) Importer(2089858483,192608db42251d675da83286b1cce702)
Start importing Assets/8K Skybox Pack Free/Example Scenes/sky-9Settings.lighting using Guid(51832a879061a714f858525eca4b158a) Importer(2089858483,192608db42251d675da83286b1cce702) (ScriptedImporter) -> (artifact id: 'ac5a460efa3133fd62fa971f79e9fdb0') in 0.0127469 seconds
Number of updated asset objects reloaded before import = 0Number of asset objects unloaded after import = 1

========================================================================
Received Import Request.
  Time since last request: 0.000018 seconds.
  path: Assets/8K Skybox Pack Free/Skyboxes/Material
  artifactKey: Guid(9999d0c0c7d006844a57229b10e78a25) Importer(2089858483,192608db42251d675da83286b1cce702)
Start importing Assets/8K Skybox Pack Free/Skyboxes/Material using Guid(9999d0c0c7d006844a57229b10e78a25) Importer(2089858483,192608db42251d675da83286b1cce702) (ScriptedImporter) -> (artifact id: '4df3de28bde2269b94b5674e80b8bba5') in 0.0055473 seconds
Number of updated asset objects reloaded before import = 0Number of asset objects unloaded after import = 1

========================================================================
Received Import Request.
  Time since last request: 0.000037 seconds.
  path: Assets/8K Skybox Pack Free/Example Scenes/sky-2/LightingData.asset
  artifactKey: Guid(d670f7d8ce85ba74489078531a849303) Importer(2089858483,192608db42251d675da83286b1cce702)
Start importing Assets/8K Skybox Pack Free/Example Scenes/sky-2/LightingData.asset using Guid(d670f7d8ce85ba74489078531a849303) Importer(2089858483,192608db42251d675da83286b1cce702) (ScriptedImporter) -> (artifact id: '2f0576cba5802fab7db32bb7ec2b00a1') in 0.0092478 seconds
Number of updated asset objects reloaded before import = 0Number of asset objects unloaded after import = 2

========================================================================
Received Import Request.
  Time since last request: 0.000023 seconds.
  path: Assets/8K Skybox Pack Free/Skyboxes/Texture/sky-7.png
  artifactKey: Guid(c7446ec5690a9ae4190faeaae79086b3) Importer(2089858483,192608db42251d675da83286b1cce702)
Start importing Assets/8K Skybox Pack Free/Skyboxes/Texture/sky-7.png using Guid(c7446ec5690a9ae4190faeaae79086b3) Importer(2089858483,192608db42251d675da83286b1cce702) (ScriptedImporter) -> (artifact id: 'fce1e9016fb4193bcbcbc973dcd2185d') in 1.012431 seconds
Number of updated asset objects reloaded before import = 0Number of asset objects unloaded after import = 1

========================================================================
Received Import Request.
  Time since last request: 0.000042 seconds.
  path: Assets/Sat Productions/G-01/Street Lights Pack 01
  artifactKey: Guid(0a5458ae850e86646a9ff527e2477e35) Importer(2089858483,192608db42251d675da83286b1cce702)
Start importing Assets/Sat Productions/G-01/Street Lights Pack 01 using Guid(0a5458ae850e86646a9ff527e2477e35) Importer(2089858483,192608db42251d675da83286b1cce702) (ScriptedImporter) -> (artifact id: 'e4714c9435a4e6de292b0a98be50fb23') in 0.0078177 seconds
Number of updated asset objects reloaded before import = 0Number of asset objects unloaded after import = 1

========================================================================
Received Import Request.
  Time since last request: 0.000046 seconds.
  path: Assets/8K Skybox Pack Free/Skyboxes/Material/sky-1.mat
  artifactKey: Guid(c8e304140c860744783e1aa250535791) Importer(2089858483,192608db42251d675da83286b1cce702)
Start importing Assets/8K Skybox Pack Free/Skyboxes/Material/sky-1.mat using Guid(c8e304140c860744783e1aa250535791) Importer(2089858483,192608db42251d675da83286b1cce702) (ScriptedImporter) -> (artifact id: '768cb6284b572a27cc0d1a8a2a6fa5e9') in 0.9903541 seconds
Number of updated asset objects reloaded before import = 0Number of asset objects unloaded after import = 2

========================================================================
Received Import Request.
  Time since last request: 0.000061 seconds.
  path: Assets/8K Skybox Pack Free/Example Scenes/sky-3Settings.lighting
  artifactKey: Guid(34ab29e9f588ddc4dbc0843a3432eacf) Importer(2089858483,192608db42251d675da83286b1cce702)
Start importing Assets/8K Skybox Pack Free/Example Scenes/sky-3Settings.lighting using Guid(34ab29e9f588ddc4dbc0843a3432eacf) Importer(2089858483,192608db42251d675da83286b1cce702) (ScriptedImporter) -> (artifact id: 'a6b453cdb678d376812c5a312ed65675') in 0.0207955 seconds
Number of updated asset objects reloaded before import = 0Number of asset objects unloaded after import = 1

========================================================================
Received Import Request.
  Time since last request: 0.000092 seconds.
  path: Assets/Sat Productions/G-01/Street Lights Pack 01/Textures/Light_Emissive.png
  artifactKey: Guid(8f3473d6b1563644bbbe862b54a0cda7) Importer(2089858483,192608db42251d675da83286b1cce702)
Start importing Assets/Sat Productions/G-01/Street Lights Pack 01/Textures/Light_Emissive.png using Guid(8f3473d6b1563644bbbe862b54a0cda7) Importer(2089858483,192608db42251d675da83286b1cce702) (ScriptedImporter) -> (artifact id: 'e75451310c728db156fe2f60b57e6b02') in 0.0810931 seconds
Number of updated asset objects reloaded before import = 0Number of asset objects unloaded after import = 1

========================================================================
Received Import Request.
  Time since last request: 0.000030 seconds.
  path: Assets/8K Skybox Pack Free/Skyboxes/Texture/sky-4.png
  artifactKey: Guid(65844975f3a977b419b0d5fdff86f07a) Importer(2089858483,192608db42251d675da83286b1cce702)
Start importing Assets/8K Skybox Pack Free/Skyboxes/Texture/sky-4.png using Guid(65844975f3a977b419b0d5fdff86f07a) Importer(2089858483,192608db42251d675da83286b1cce702) (ScriptedImporter) -> (artifact id: '87440dd94560b38321d0a7c7c497560f') in 1.3340934 seconds
Number of updated asset objects reloaded before import = 0Number of asset objects unloaded after import = 1

========================================================================
Received Import Request.
  Time since last request: 0.000063 seconds.
  path: Assets/Sat Productions/G-01/Street Lights Pack 01/Prefabs/Street_Light_A_08.prefab
  artifactKey: Guid(9129094b86cbdff498fcfcc5409e190e) Importer(2089858483,192608db42251d675da83286b1cce702)
Start importing Assets/Sat Productions/G-01/Street Lights Pack 01/Prefabs/Street_Light_A_08.prefab using Guid(9129094b86cbdff498fcfcc5409e190e) Importer(2089858483,192608db42251d675da83286b1cce702) (ScriptedImporter) -> (artifact id: 'b0434913f2cc96765f82c8a44eddb5d0') in 0.0358352 seconds
Number of updated asset objects reloaded before import = 0Number of asset objects unloaded after import = 17

========================================================================
Received Import Request.
  Time since last request: 0.000067 seconds.
  path: Assets/8K Skybox Pack Free/Skyboxes/Texture/sky-12.png
  artifactKey: Guid(8ffc7723a2a147542bd1a4a9512c2762) Importer(2089858483,192608db42251d675da83286b1cce702)
Start importing Assets/8K Skybox Pack Free/Skyboxes/Texture/sky-12.png using Guid(8ffc7723a2a147542bd1a4a9512c2762) Importer(2089858483,192608db42251d675da83286b1cce702) (ScriptedImporter) -> (artifact id: 'a8b95e7c6cde2cf827323a18918ef5d2') in 1.2158499 seconds
Number of updated asset objects reloaded before import = 0Number of asset objects unloaded after import = 1

========================================================================
Received Import Request.
  Time since last request: 0.000045 seconds.
  path: Assets/8K Skybox Pack Free/Example Scenes/Script/RotateCamera.cs
  artifactKey: Guid(77c62d2a40e848d44b542da522451282) Importer(2089858483,192608db42251d675da83286b1cce702)
Start importing Assets/8K Skybox Pack Free/Example Scenes/Script/RotateCamera.cs using Guid(77c62d2a40e848d44b542da522451282) Importer(2089858483,192608db42251d675da83286b1cce702) (ScriptedImporter) -> (artifact id: 'bd82d28b29374219a62ff5467af7aafc') in 0.0111975 seconds
Number of updated asset objects reloaded before import = 0Number of asset objects unloaded after import = 0

========================================================================
Received Import Request.
  Time since last request: 0.000064 seconds.
  path: Assets/8K Skybox Pack Free/Example Scenes/sky-6Settings.lighting
  artifactKey: Guid(a6e127ce0e0c790449e6ea33beced226) Importer(2089858483,192608db42251d675da83286b1cce702)
Start importing Assets/8K Skybox Pack Free/Example Scenes/sky-6Settings.lighting using Guid(a6e127ce0e0c790449e6ea33beced226) Importer(2089858483,192608db42251d675da83286b1cce702) (ScriptedImporter) -> (artifact id: 'ccfd5a7a5ffcf466b0fdd172cab6b65c') in 0.0151559 seconds
Number of updated asset objects reloaded before import = 0Number of asset objects unloaded after import = 1

========================================================================
Received Import Request.
  Time since last request: 0.000026 seconds.
  path: Assets/Sat Productions/G-01/Street Lights Pack 01/Prefabs/Street_Light_A_09.prefab
  artifactKey: Guid(4c13111924467b942a539e4df1b2ae3c) Importer(2089858483,192608db42251d675da83286b1cce702)
Start importing Assets/Sat Productions/G-01/Street Lights Pack 01/Prefabs/Street_Light_A_09.prefab using Guid(4c13111924467b942a539e4df1b2ae3c) Importer(2089858483,192608db42251d675da83286b1cce702) (ScriptedImporter) -> (artifact id: '1af70a2c6f3bb34e1df9ae6639e09b3e') in 0.0255905 seconds
Number of updated asset objects reloaded before import = 0Number of asset objects unloaded after import = 25

========================================================================
Received Import Request.
  Time since last request: 0.000052 seconds.
  path: Assets/8K Skybox Pack Free/Skyboxes/Texture
  artifactKey: Guid(d6e7d52c81183664ebabf8a33dc61b47) Importer(2089858483,192608db42251d675da83286b1cce702)
Start importing Assets/8K Skybox Pack Free/Skyboxes/Texture using Guid(d6e7d52c81183664ebabf8a33dc61b47) Importer(2089858483,192608db42251d675da83286b1cce702) (ScriptedImporter) -> (artifact id: '6b95e320d0d8684cb75a52f548fcc0cd') in 0.0090919 seconds
Number of updated asset objects reloaded before import = 0Number of asset objects unloaded after import = 1

========================================================================
Received Import Request.
  Time since last request: 0.000049 seconds.
  path: Assets/8K Skybox Pack Free/Skyboxes/Material/sky-11.mat
  artifactKey: Guid(0657637449dfba34f84c2e4cf23683b6) Importer(2089858483,192608db42251d675da83286b1cce702)
Start importing Assets/8K Skybox Pack Free/Skyboxes/Material/sky-11.mat using Guid(0657637449dfba34f84c2e4cf23683b6) Importer(2089858483,192608db42251d675da83286b1cce702) (ScriptedImporter) -> (artifact id: '124cc3ffcd09cb4f395b788cc2437ebf') in 1.1093888 seconds
Number of updated asset objects reloaded before import = 0Number of asset objects unloaded after import = 2

========================================================================
Received Import Request.
  Time since last request: 0.000060 seconds.
  path: Assets/Sat Productions/G-01
  artifactKey: Guid(2c8ed10088756a5448cc1439b42b57a2) Importer(2089858483,192608db42251d675da83286b1cce702)
Start importing Assets/Sat Productions/G-01 using Guid(2c8ed10088756a5448cc1439b42b57a2) Importer(2089858483,192608db42251d675da83286b1cce702) (ScriptedImporter) -> (artifact id: '6ddf16de3426aa10f64749e608df7669') in 0.01718 seconds
Number of updated asset objects reloaded before import = 0Number of asset objects unloaded after import = 1

========================================================================
Received Import Request.
  Time since last request: 0.000035 seconds.
  path: Assets/Sat Productions/G-01/Street Lights Pack 01/Prefabs/Street_Light_A_07.prefab
  artifactKey: Guid(5449fd517b619c240889616565415a37) Importer(2089858483,192608db42251d675da83286b1cce702)
Start importing Assets/Sat Productions/G-01/Street Lights Pack 01/Prefabs/Street_Light_A_07.prefab using Guid(5449fd517b619c240889616565415a37) Importer(2089858483,192608db42251d675da83286b1cce702) (ScriptedImporter) -> (artifact id: 'e49df803e3ebf3dbce3974115f8f2c71') in 0.0221556 seconds
Number of updated asset objects reloaded before import = 0Number of asset objects unloaded after import = 17

========================================================================
Received Import Request.
  Time since last request: 0.000026 seconds.
  path: Assets/Sat Productions/G-01/Street Lights Pack 01/Scenes/Demo/Materials
  artifactKey: Guid(37a9df534d5456148918220dc5ae49ff) Importer(2089858483,192608db42251d675da83286b1cce702)
Start importing Assets/Sat Productions/G-01/Street Lights Pack 01/Scenes/Demo/Materials using Guid(37a9df534d5456148918220dc5ae49ff) Importer(2089858483,192608db42251d675da83286b1cce702) (ScriptedImporter) -> (artifact id: '81e60e8b198a5160353884b38023b69d') in 0.0054139 seconds
Number of updated asset objects reloaded before import = 0Number of asset objects unloaded after import = 1

========================================================================
Received Import Request.
  Time since last request: 0.000025 seconds.
  path: Assets/8K Skybox Pack Free/Example Scenes/sky-9.unity
  artifactKey: Guid(68b378c1ed9a8ff428335ed84c25f0e1) Importer(2089858483,192608db42251d675da83286b1cce702)
Start importing Assets/8K Skybox Pack Free/Example Scenes/sky-9.unity using Guid(68b378c1ed9a8ff428335ed84c25f0e1) Importer(2089858483,192608db42251d675da83286b1cce702) (ScriptedImporter) -> (artifact id: '0860495ef3171b574bdf6018c0bcbd71') in 0.0079246 seconds
Number of updated asset objects reloaded before import = 0Number of asset objects unloaded after import = 1

========================================================================
Received Import Request.
  Time since last request: 0.000024 seconds.
  path: Assets/Sat Productions/G-01/Street Lights Pack 01/Scenes/Demo
  artifactKey: Guid(725dcf47dd0ea9645b5f192b33b1e45e) Importer(2089858483,192608db42251d675da83286b1cce702)
Start importing Assets/Sat Productions/G-01/Street Lights Pack 01/Scenes/Demo using Guid(725dcf47dd0ea9645b5f192b33b1e45e) Importer(2089858483,192608db42251d675da83286b1cce702) (ScriptedImporter) -> (artifact id: '29dbc4151dc81eaf5f0d33ba5e4d5adb') in 0.0061296 seconds
Number of updated asset objects reloaded before import = 0Number of asset objects unloaded after import = 1

========================================================================
Received Import Request.
  Time since last request: 0.000054 seconds.
  path: Assets/8K Skybox Pack Free/Skyboxes/Material/sky-4.mat
  artifactKey: Guid(4e4980336892d9546bf0bf0e3f30c265) Importer(2089858483,192608db42251d675da83286b1cce702)
Start importing Assets/8K Skybox Pack Free/Skyboxes/Material/sky-4.mat using Guid(4e4980336892d9546bf0bf0e3f30c265) Importer(2089858483,192608db42251d675da83286b1cce702) (ScriptedImporter) -> (artifact id: 'c562f8cfa98cfea4d2eb2260395cbcdc') in 1.020344 seconds
Number of updated asset objects reloaded before import = 0Number of asset objects unloaded after import = 2

========================================================================
Received Import Request.
  Time since last request: 0.000082 seconds.
  path: Assets/8K Skybox Pack Free/Skyboxes
  artifactKey: Guid(34d05b5f2938c1243b17c3f8c2e5937d) Importer(2089858483,192608db42251d675da83286b1cce702)
Start importing Assets/8K Skybox Pack Free/Skyboxes using Guid(34d05b5f2938c1243b17c3f8c2e5937d) Importer(2089858483,192608db42251d675da83286b1cce702) (ScriptedImporter) -> (artifact id: '71c0732a192d3c99a99c5e03bbcae601') in 0.0103574 seconds
Number of updated asset objects reloaded before import = 0Number of asset objects unloaded after import = 1

========================================================================
Received Import Request.
  Time since last request: 0.000045 seconds.
  path: Assets/Sat Productions/G-01/Street Lights Pack 01/Scenes/Demo/Materials/Stand.mat
  artifactKey: Guid(a6f6dc4413327f74b894fdb89e4a2f3f) Importer(2089858483,192608db42251d675da83286b1cce702)
Start importing Assets/Sat Productions/G-01/Street Lights Pack 01/Scenes/Demo/Materials/Stand.mat using Guid(a6f6dc4413327f74b894fdb89e4a2f3f) Importer(2089858483,192608db42251d675da83286b1cce702) (ScriptedImporter) -> (artifact id: '9100798e9b57716549801220a9936093') in 0.0422379 seconds
Number of updated asset objects reloaded before import = 0Number of asset objects unloaded after import = 1

========================================================================
Received Import Request.
  Time since last request: 0.000034 seconds.
  path: Assets/8K Skybox Pack Free
  artifactKey: Guid(e2ad6b35798f6d747961305cbf95d2b8) Importer(2089858483,192608db42251d675da83286b1cce702)
Start importing Assets/8K Skybox Pack Free using Guid(e2ad6b35798f6d747961305cbf95d2b8) Importer(2089858483,192608db42251d675da83286b1cce702) (ScriptedImporter) -> (artifact id: '25cea9195c0cd7c5d484134109b38ccb') in 0.0078334 seconds
Number of updated asset objects reloaded before import = 0Number of asset objects unloaded after import = 1

========================================================================
Received Import Request.
  Time since last request: 0.000031 seconds.
  path: Assets/8K Skybox Pack Free/Skyboxes/Material/sky-2.mat
  artifactKey: Guid(9b7ca251e8646c54db0a77ae2021bf9b) Importer(2089858483,192608db42251d675da83286b1cce702)
Start importing Assets/8K Skybox Pack Free/Skyboxes/Material/sky-2.mat using Guid(9b7ca251e8646c54db0a77ae2021bf9b) Importer(2089858483,192608db42251d675da83286b1cce702) (ScriptedImporter) -> (artifact id: 'b7185145c736c719732064ed50dc3e56') in 0.8565698 seconds
Number of updated asset objects reloaded before import = 0Number of asset objects unloaded after import = 2

========================================================================
Received Import Request.
  Time since last request: 0.000102 seconds.
  path: Assets/8K Skybox Pack Free/Example Scenes/sky-1/ReflectionProbe-0.exr
  artifactKey: Guid(298a364e8c9ef62429bfb973743c44bf) Importer(2089858483,192608db42251d675da83286b1cce702)
Start importing Assets/8K Skybox Pack Free/Example Scenes/sky-1/ReflectionProbe-0.exr using Guid(298a364e8c9ef62429bfb973743c44bf) Importer(2089858483,192608db42251d675da83286b1cce702) (ScriptedImporter) -> (artifact id: 'c14d0201e8c8bc3d238fccc972c43c46') in 0.0413336 seconds
Number of updated asset objects reloaded before import = 0Number of asset objects unloaded after import = 1

========================================================================
Received Import Request.
  Time since last request: 0.000029 seconds.
  path: Assets/Sat Productions/G-01/Street Lights Pack 01/Info
  artifactKey: Guid(e9f3a6d30a3c50f4ca2d74e8c06c059a) Importer(2089858483,192608db42251d675da83286b1cce702)
Start importing Assets/Sat Productions/G-01/Street Lights Pack 01/Info using Guid(e9f3a6d30a3c50f4ca2d74e8c06c059a) Importer(2089858483,192608db42251d675da83286b1cce702) (ScriptedImporter) -> (artifact id: 'fa179e596e238d0cbc64d0826b0d0b5d') in 0.0085015 seconds
Number of updated asset objects reloaded before import = 0Number of asset objects unloaded after import = 1

========================================================================
Received Import Request.
  Time since last request: 0.000033 seconds.
  path: Assets/8K Skybox Pack Free/Example Scenes/sky-1/LightingData.asset
  artifactKey: Guid(0dacf60bb400e474bb37b1594efce29e) Importer(2089858483,192608db42251d675da83286b1cce702)
Start importing Assets/8K Skybox Pack Free/Example Scenes/sky-1/LightingData.asset using Guid(0dacf60bb400e474bb37b1594efce29e) Importer(2089858483,192608db42251d675da83286b1cce702) (ScriptedImporter) -> (artifact id: '67caf345fd008c41499bf15fc3026cd0') in 0.0104193 seconds
Number of updated asset objects reloaded before import = 0Number of asset objects unloaded after import = 2

========================================================================
Received Import Request.
  Time since last request: 0.000042 seconds.
  path: Assets/8K Skybox Pack Free/Skyboxes/Texture/sky-3.png
  artifactKey: Guid(7f5779140d6e64f44a7940b41f49ba81) Importer(2089858483,192608db42251d675da83286b1cce702)
Start importing Assets/8K Skybox Pack Free/Skyboxes/Texture/sky-3.png using Guid(7f5779140d6e64f44a7940b41f49ba81) Importer(2089858483,192608db42251d675da83286b1cce702) (ScriptedImporter) -> (artifact id: '1585fd01d53dd4bfcdcdccc90b709034') in 1.090796 seconds
Number of updated asset objects reloaded before import = 0Number of asset objects unloaded after import = 1

========================================================================
Received Import Request.
  Time since last request: 0.000039 seconds.
  path: Assets/Sat Productions/G-01/Street Lights Pack 01/Scenes/Demo Scene/Demo Scene Lighting Settings.lighting
  artifactKey: Guid(1d61c50edcbecb2419ced6598402a08f) Importer(2089858483,192608db42251d675da83286b1cce702)
Start importing Assets/Sat Productions/G-01/Street Lights Pack 01/Scenes/Demo Scene/Demo Scene Lighting Settings.lighting using Guid(1d61c50edcbecb2419ced6598402a08f) Importer(2089858483,192608db42251d675da83286b1cce702) (ScriptedImporter)LightingSettings: switching bake backend from 1 to 2.
 -> (artifact id: 'a41e5e0a9484f78fc1b7169783f2f0a1') in 0.0151166 seconds
Number of updated asset objects reloaded before import = 0Number of asset objects unloaded after import = 1

========================================================================
Received Import Request.
  Time since last request: 0.000061 seconds.
  path: Assets/8K Skybox Pack Free/Skyboxes/Texture/sky-11.png
  artifactKey: Guid(2aa5e1663af98df4380219164a99d330) Importer(2089858483,192608db42251d675da83286b1cce702)
Start importing Assets/8K Skybox Pack Free/Skyboxes/Texture/sky-11.png using Guid(2aa5e1663af98df4380219164a99d330) Importer(2089858483,192608db42251d675da83286b1cce702) (ScriptedImporter) -> (artifact id: '26d99a5d943290e19addd9c85705d454') in 1.359243 seconds
Number of updated asset objects reloaded before import = 0Number of asset objects unloaded after import = 1

========================================================================
Received Import Request.
  Time since last request: 0.000050 seconds.
  path: Assets/8K Skybox Pack Free/Skyboxes/Material/sky-8.mat
  artifactKey: Guid(ebc9df751692e5740abb521f3539fcd0) Importer(2089858483,192608db42251d675da83286b1cce702)
Start importing Assets/8K Skybox Pack Free/Skyboxes/Material/sky-8.mat using Guid(ebc9df751692e5740abb521f3539fcd0) Importer(2089858483,192608db42251d675da83286b1cce702) (ScriptedImporter) -> (artifact id: '26f9c7f677eb067783f90d98398aef2e') in 1.3018926 seconds
Number of updated asset objects reloaded before import = 0Number of asset objects unloaded after import = 2

========================================================================
Received Import Request.
  Time since last request: 0.000140 seconds.
  path: Assets/Sat Productions/G-01/Street Lights Pack 01/Textures/Street_Light_Glass_BaseMap.png
  artifactKey: Guid(1c59686a96a8f804399e556b2d809f43) Importer(2089858483,192608db42251d675da83286b1cce702)
Start importing Assets/Sat Productions/G-01/Street Lights Pack 01/Textures/Street_Light_Glass_BaseMap.png using Guid(1c59686a96a8f804399e556b2d809f43) Importer(2089858483,192608db42251d675da83286b1cce702) (ScriptedImporter) -> (artifact id: '4fce6f73cf0c9918898f7cdac1de45be') in 0.0942489 seconds
Number of updated asset objects reloaded before import = 0Number of asset objects unloaded after import = 1

========================================================================
Received Import Request.
  Time since last request: 0.000081 seconds.
  path: Assets/Sat Productions/G-01/Street Lights Pack 01/Mesh/Street_Light_A_08.fbx
  artifactKey: Guid(c9860748a7a3bca4fa010da7aec3104a) Importer(2089858483,192608db42251d675da83286b1cce702)
Start importing Assets/Sat Productions/G-01/Street Lights Pack 01/Mesh/Street_Light_A_08.fbx using Guid(c9860748a7a3bca4fa010da7aec3104a) Importer(2089858483,192608db42251d675da83286b1cce702) (ScriptedImporter) -> (artifact id: 'dce715a7e739d52601003a105efa8370') in 0.1256616 seconds
Number of updated asset objects reloaded before import = 0Number of asset objects unloaded after import = 14

========================================================================
Received Import Request.
  Time since last request: 0.000063 seconds.
  path: Assets/8K Skybox Pack Free/Example Scenes/sky-10.unity
  artifactKey: Guid(ef1a92afaac90224c92c2ab1c8b75872) Importer(2089858483,192608db42251d675da83286b1cce702)
Start importing Assets/8K Skybox Pack Free/Example Scenes/sky-10.unity using Guid(ef1a92afaac90224c92c2ab1c8b75872) Importer(2089858483,192608db42251d675da83286b1cce702) (ScriptedImporter) -> (artifact id: '1615ecbe83247bb7ce100cf1b2068aa1') in 0.0174088 seconds
Number of updated asset objects reloaded before import = 0Number of asset objects unloaded after import = 1

