[Licensing::Module] Trying to connect to existing licensing client channel...
Built from '6000.2/staging' branch; Version is '6000.2.14f1 (589824c1fc31) revision 5806116'; Using compiler version '194234433'; Build Type 'Release'
[Licensing::IpcConnector] Successfully connected to: "LicenseClient-khush" at "2025-12-11T15:59:33.0980873Z"
OS: 'Windows 11  (10.0.26200) 64bit CoreSingleLanguage' Language: 'en' Physical Memory: 7549 MB
BatchMode: 1, IsHumanControllingUs: 0, StartBugReporterOnCrash: 0, Is64bit: 1
Date: 2025-12-11T15:59:33Z

COMMAND LINE ARGUMENTS:
C:\Program Files\Unity\Hub\Editor\6000.2.14f1\Editor\Unity.exe
-adb2
-batchMode
-noUpm
-name
AssetImportWorker1
-projectPath
C:/Users/khush/VisionPlay_VR
-logFile
Logs/AssetImportWorker1.log
-srvPort
62855
-licensingIpc
LicenseClient-khush
-job-worker-count
5
-background-job-worker-count
8
-gc-helper-count
1
-name
AssetImport
Successfully changed project path to: C:/Users/khush/VisionPlay_VR
C:/Users/khush/VisionPlay_VR
[UnityMemory] Configuration Parameters - Can be set up in boot.config
    "memorysetup-allocator-temp-initial-block-size-main=262144"
    "memorysetup-allocator-temp-initial-block-size-worker=262144"
    "memorysetup-bucket-allocator-granularity=16"
    "memorysetup-bucket-allocator-bucket-count=8"
    "memorysetup-bucket-allocator-block-size=33554432"
    "memorysetup-bucket-allocator-block-count=8"
    "memorysetup-main-allocator-block-size=16777216"
    "memorysetup-thread-allocator-block-size=16777216"
    "memorysetup-gfx-main-allocator-block-size=16777216"
    "memorysetup-gfx-thread-allocator-block-size=16777216"
    "memorysetup-cache-allocator-block-size=4194304"
    "memorysetup-typetree-allocator-block-size=2097152"
    "memorysetup-profiler-bucket-allocator-granularity=16"
    "memorysetup-profiler-bucket-allocator-bucket-count=8"
    "memorysetup-profiler-bucket-allocator-block-size=33554432"
    "memorysetup-profiler-bucket-allocator-block-count=8"
    "memorysetup-profiler-allocator-block-size=16777216"
    "memorysetup-profiler-editor-allocator-block-size=1048576"
    "memorysetup-temp-allocator-size-main=16777216"
    "memorysetup-job-temp-allocator-block-size=2097152"
    "memorysetup-job-temp-allocator-block-size-background=1048576"
    "memorysetup-job-temp-allocator-reduction-small-platforms=262144"
    "memorysetup-temp-allocator-size-background-worker=32768"
    "memorysetup-temp-allocator-size-job-worker=262144"
    "memorysetup-temp-allocator-size-preload-manager=33554432"
    "memorysetup-temp-allocator-size-nav-mesh-worker=65536"
    "memorysetup-temp-allocator-size-audio-worker=65536"
    "memorysetup-temp-allocator-size-cloud-worker=32768"
    "memorysetup-temp-allocator-size-gi-baking-worker=262144"
    "memorysetup-temp-allocator-size-gi-baking-worker=262144"
    "memorysetup-temp-allocator-size-gi-baking-worker=262144"
    "memorysetup-temp-allocator-size-gi-baking-worker=262144"
    "memorysetup-temp-allocator-size-gi-baking-worker=262144"
    "memorysetup-temp-allocator-size-gfx=262144"
Player connection [9280]  Target information:

Player connection [9280]  * "[IP] 192.168.0.101 [Port] 0 [Flags] 2 [Guid] 2518652569 [EditorId] 2518652569 [Version] 1048832 [Id] WindowsEditor(7,khushi) [Debug] 1 [PackageName] WindowsEditor [ProjectName] Editor" 

Player connection [9280] Host joined multi-casting on [225.0.0.222:54997]...
Player connection [9280] Host joined alternative multi-casting on [225.0.0.222:34997]...
JobSystem: Creating JobQueue using job-worker-count value 5
Input System module state changed to: Initialized.
[Physics::Module] Initialized fallback backend.
[Physics::Module] Id: 0xdecafbad
Library Redirect Path: Library/
[Physics::Module] Selected backend.
[Physics::Module] Name: PhysX
[Physics::Module] Id: 0xf2b8ea05
[Physics::Module] SDK Version: 4.1.2
[Physics::Module] Integration Version: 1.0.0
[Physics::Module] Threading Mode: Multi-Threaded
[Licensing::Module] Licensing is not yet initialized.
[Licensing::Client] Handshaking with LicensingClient:
  Version:                 1.17.4+4293ba1
  Session Id:              4b0b04beea2d4f47b6cf24b4251d18ff
  Correlation Id:          9b53b2b987469c165709a1ae35a5b1f5
  External correlation Id: 1626800514220471778
  Machine Id:              NTsTAmZk5rUeZXKWq9tsbAW5Hu4=
[Licensing::Module] Successfully connected to LicensingClient on channel: "LicenseClient-khush" (connect: 0.00s, validation: 0.00s, handshake: 2.92s)
[Licensing::IpcConnector] Successfully connected to: "LicenseClient-khush-notifications" at "2025-12-11T15:59:36.0238261Z"
[Licensing::Module] Licensing Background thread has ended after 2.93s
[Licensing::Module] Licensing is initialized (took 2.71s).
[Licensing::Client] Successfully resolved entitlement details
[Licensing::Module] License group:
  Id: 13469359812253-UnityPersXXXX
  Product: Unity Personal
  Type: Assigned
  Expiration: Unlimited
Refreshing native plugins compatible for Editor in 5.74 ms, found 3 plugins.
Preloading 0 native plugins for Editor in 0.00 ms.
Initialize engine version: 6000.2.14f1 (589824c1fc31)
[Subsystems] Discovering subsystems at path C:/Program Files/Unity/Hub/Editor/6000.2.14f1/Editor/Data/Resources/UnitySubsystems
[Subsystems] Discovering subsystems at path C:/Users/khush/VisionPlay_VR/Assets
GfxDevice: creating device client; kGfxThreadingModeNonThreaded
Direct3D:
    Version:  Direct3D 11.0 [level 11.1]
    Renderer: NVIDIA GeForce GTX 1650 (ID=0x1f99)
    Vendor:   NVIDIA
    VRAM:     3937 MB
    Driver:   32.0.15.7283
Initialize mono
Mono path[0] = 'C:/Program Files/Unity/Hub/Editor/6000.2.14f1/Editor/Data/Managed'
Mono path[1] = 'C:/Program Files/Unity/Hub/Editor/6000.2.14f1/Editor/Data/MonoBleedingEdge/lib/mono/unityjit-win32'
Mono config path = 'C:/Program Files/Unity/Hub/Editor/6000.2.14f1/Editor/Data/MonoBleedingEdge/etc'
Using monoOptions --debugger-agent=transport=dt_socket,embedding=1,server=y,suspend=n,address=127.0.0.1:56752
Begin MonoManager ReloadAssembly
Registering precompiled unity dll's ...
Register platform support module: C:/Program Files/Unity/Hub/Editor/6000.2.14f1/Editor/Data/PlaybackEngines/WindowsStandaloneSupport/UnityEditor.WindowsStandalone.Extensions.dll
Register platform support module: C:/Program Files/Unity/Hub/Editor/6000.2.14f1/Editor/Data/PlaybackEngines/AndroidPlayer/UnityEditor.Android.Extensions.dll
Registered in 0.005612 seconds.
- Loaded All Assemblies, in  0.766 seconds
Native extension for Android target not found
Android Extension - Scanning For ADB Devices 577 ms
Native extension for WindowsStandalone target not found
Mono: successfully reloaded assembly
- Finished resetting the current domain, in  1.114 seconds
Domain Reload Profiling: 1874ms
	BeginReloadAssembly (300ms)
		ExecutionOrderSort (0ms)
		DisableScriptedObjects (0ms)
		BackupInstance (0ms)
		ReleaseScriptingObjects (0ms)
		CreateAndSetChildDomain (1ms)
	RebuildCommonClasses (59ms)
	RebuildNativeTypeToScriptingClass (17ms)
	initialDomainReloadingComplete (90ms)
	LoadAllAssembliesAndSetupDomain (293ms)
		LoadAssemblies (292ms)
		RebuildTransferFunctionScriptingTraits (0ms)
		AnalyzeDomain (287ms)
			TypeCache.Refresh (284ms)
				TypeCache.ScanAssembly (255ms)
			BuildScriptInfoCaches (0ms)
			ResolveRequiredComponents (1ms)
	FinalizeReload (1115ms)
		ReleaseScriptCaches (0ms)
		RebuildScriptCaches (0ms)
		SetupLoadedEditorAssemblies (1047ms)
			LogAssemblyErrors (0ms)
			InitializePlatformSupportModulesInManaged (730ms)
			SetLoadedEditorAssemblies (5ms)
			BeforeProcessingInitializeOnLoad (91ms)
			ProcessInitializeOnLoadAttributes (143ms)
			ProcessInitializeOnLoadMethodAttributes (78ms)
			AfterProcessingInitializeOnLoad (0ms)
			EditorAssembliesLoaded (0ms)
		ExecutionOrderSort2 (0ms)
		AwakeInstancesAfterBackupRestoration (0ms)
========================================================================
Worker process is ready to serve import requests
Import Worker Mode flag is 0x00
Begin MonoManager ReloadAssembly
[Licensing::Client] Successfully resolved entitlement details
- Loaded All Assemblies, in  2.572 seconds
Refreshing native plugins compatible for Editor in 5.16 ms, found 3 plugins.
Native extension for Android target not found
Native extension for WindowsStandalone target not found
Package Manager log level set to [2]
[Package Manager] Failed to launch server process. Reason: Unity was launched with the -noUpm command-line argument
[Package Manager] Unable to send message (not connected to server process).
[Package Manager] Cannot connect to Unity Package Manager local server
Mono: successfully reloaded assembly
[Package Manager] Failed to launch server process. Reason: Unity was launched with the -noUpm command-line argument
[Package Manager] Unable to send message (not connected to server process).
[Package Manager] Cannot connect to Unity Package Manager local server
[Package Manager] Failed to launch server process. Reason: Unity was launched with the -noUpm command-line argument
[Package Manager] Unable to send message (not connected to server process).
[Package Manager] Cannot connect to Unity Package Manager local server
- Finished resetting the current domain, in  1.453 seconds
Domain Reload Profiling: 3798ms
	BeginReloadAssembly (250ms)
		ExecutionOrderSort (0ms)
		DisableScriptedObjects (7ms)
		BackupInstance (0ms)
		ReleaseScriptingObjects (0ms)
		CreateAndSetChildDomain (39ms)
	RebuildCommonClasses (53ms)
	RebuildNativeTypeToScriptingClass (14ms)
	initialDomainReloadingComplete (57ms)
	LoadAllAssembliesAndSetupDomain (1970ms)
		LoadAssemblies (1742ms)
		RebuildTransferFunctionScriptingTraits (0ms)
		AnalyzeDomain (373ms)
			TypeCache.Refresh (276ms)
				TypeCache.ScanAssembly (249ms)
			BuildScriptInfoCaches (77ms)
			ResolveRequiredComponents (13ms)
	FinalizeReload (1454ms)
		ReleaseScriptCaches (0ms)
		RebuildScriptCaches (0ms)
		SetupLoadedEditorAssemblies (978ms)
			LogAssemblyErrors (0ms)
			InitializePlatformSupportModulesInManaged (35ms)
			SetLoadedEditorAssemblies (5ms)
			BeforeProcessingInitializeOnLoad (236ms)
			ProcessInitializeOnLoadAttributes (595ms)
			ProcessInitializeOnLoadMethodAttributes (96ms)
			AfterProcessingInitializeOnLoad (10ms)
			EditorAssembliesLoaded (0ms)
		ExecutionOrderSort2 (0ms)
		AwakeInstancesAfterBackupRestoration (8ms)
Launched and connected shader compiler UnityShaderCompiler.exe after 0.03 seconds
Refreshing native plugins compatible for Editor in 4.58 ms, found 3 plugins.
Preloading 0 native plugins for Editor in 0.00 ms.
Unloading 14 Unused Serialized files (Serialized files now loaded: 0)
Unloading 6365 unused Assets / (3.4 MB). Loaded Objects now: 7061.
Memory consumption went from 133.5 MB to 130.1 MB.
Total: 26.258700 ms (FindLiveObjects: 2.056600 ms CreateObjectMapping: 2.894900 ms MarkObjects: 13.661900 ms  DeleteObjects: 7.642000 ms)

========================================================================
Received Import Request.
  Time since last request: 70792.335228 seconds.
  path: Assets/Resources/PerformanceTestRunInfo.json
  artifactKey: Guid(07e145daafcbe1343b68deb3ecf24b7d) Importer(2089858483,192608db42251d675da83286b1cce702)
Start importing Assets/Resources/PerformanceTestRunInfo.json using Guid(07e145daafcbe1343b68deb3ecf24b7d) Importer(2089858483,192608db42251d675da83286b1cce702) (ScriptedImporter) -> (artifact id: 'f191f293069d68e8086c9f7a7076dfe9') in 0.2170146 seconds
Number of updated asset objects reloaded before import = 0Number of asset objects unloaded after import = 1

========================================================================
Received Import Request.
  Time since last request: 0.000029 seconds.
  path: Assets/Sat Productions/G-01/Street Lights Pack 01/Prefabs/Street_Light_A_06.prefab
  artifactKey: Guid(bde2a622d06ff1a41a155d6e61fb9a7b) Importer(2089858483,192608db42251d675da83286b1cce702)
Start importing Assets/Sat Productions/G-01/Street Lights Pack 01/Prefabs/Street_Light_A_06.prefab using Guid(bde2a622d06ff1a41a155d6e61fb9a7b) Importer(2089858483,192608db42251d675da83286b1cce702) (ScriptedImporter) -> (artifact id: '76cd295625f8bd0a2fb654e3834fa6df') in 0.1243938 seconds
Number of updated asset objects reloaded before import = 0Number of asset objects unloaded after import = 17

========================================================================
Received Import Request.
  Time since last request: 0.000052 seconds.
  path: Assets/8K Skybox Pack Free/Example Scenes/sky-8.unity
  artifactKey: Guid(6f8cc465e7123cf46a93cc18f240fefd) Importer(2089858483,192608db42251d675da83286b1cce702)
Start importing Assets/8K Skybox Pack Free/Example Scenes/sky-8.unity using Guid(6f8cc465e7123cf46a93cc18f240fefd) Importer(2089858483,192608db42251d675da83286b1cce702) (ScriptedImporter) -> (artifact id: 'be77596e1a9cb7f80ae28ead65b8fc11') in 0.009288 seconds
Number of updated asset objects reloaded before import = 0Number of asset objects unloaded after import = 1

========================================================================
Received Import Request.
  Time since last request: 0.000021 seconds.
  path: Assets/Sat Productions/G-01/Street Lights Pack 01/Street Lights Pack 01 Built-In.unitypackage
  artifactKey: Guid(55dc8aac2812a2a4ca942bc46a629df3) Importer(2089858483,192608db42251d675da83286b1cce702)
Start importing Assets/Sat Productions/G-01/Street Lights Pack 01/Street Lights Pack 01 Built-In.unitypackage using Guid(55dc8aac2812a2a4ca942bc46a629df3) Importer(2089858483,192608db42251d675da83286b1cce702) (ScriptedImporter) -> (artifact id: 'b215770f5a5ffeb41cb06c7f3b493ecc') in 0.0050469 seconds
Number of updated asset objects reloaded before import = 0Number of asset objects unloaded after import = 1

========================================================================
Received Import Request.
  Time since last request: 0.000033 seconds.
  path: Assets/Sat Productions/G-01/Street Lights Pack 01/Scenes/Demo Scene
  artifactKey: Guid(324cab7950312ab4ba26a2c72d0f97c5) Importer(2089858483,192608db42251d675da83286b1cce702)
Start importing Assets/Sat Productions/G-01/Street Lights Pack 01/Scenes/Demo Scene using Guid(324cab7950312ab4ba26a2c72d0f97c5) Importer(2089858483,192608db42251d675da83286b1cce702) (ScriptedImporter) -> (artifact id: 'ed2ef6d510a8480e089a904a904ea146') in 0.006392 seconds
Number of updated asset objects reloaded before import = 0Number of asset objects unloaded after import = 1

========================================================================
Received Import Request.
  Time since last request: 0.000023 seconds.
  path: Assets/Sat Productions
  artifactKey: Guid(46b5f9bb0a65be34295aee482c9e4943) Importer(2089858483,192608db42251d675da83286b1cce702)
Start importing Assets/Sat Productions using Guid(46b5f9bb0a65be34295aee482c9e4943) Importer(2089858483,192608db42251d675da83286b1cce702) (ScriptedImporter) -> (artifact id: 'f40589989ae9d74a30ffba72e56d75c5') in 0.004887 seconds
Number of updated asset objects reloaded before import = 0Number of asset objects unloaded after import = 1

========================================================================
Received Import Request.
  Time since last request: 0.000037 seconds.
  path: Assets/Sat Productions/G-01/Street Lights Pack 01/Mesh/Street_Light_A_01.fbx
  artifactKey: Guid(dc9f2ff4676710746b767494848e4293) Importer(2089858483,192608db42251d675da83286b1cce702)
Start importing Assets/Sat Productions/G-01/Street Lights Pack 01/Mesh/Street_Light_A_01.fbx using Guid(dc9f2ff4676710746b767494848e4293) Importer(2089858483,192608db42251d675da83286b1cce702) (ScriptedImporter) -> (artifact id: '24844c39a158d3bbce7e34d09f1a04b1') in 0.0833906 seconds
Number of updated asset objects reloaded before import = 0Number of asset objects unloaded after import = 24

========================================================================
Received Import Request.
  Time since last request: 0.000031 seconds.
  path: Assets/8K Skybox Pack Free/Skyboxes/Material/sky-5.mat
  artifactKey: Guid(03389866351d19a47adc95c57d054097) Importer(2089858483,192608db42251d675da83286b1cce702)
Start importing Assets/8K Skybox Pack Free/Skyboxes/Material/sky-5.mat using Guid(03389866351d19a47adc95c57d054097) Importer(2089858483,192608db42251d675da83286b1cce702) (ScriptedImporter) -> (artifact id: '3b37a312eb6c3495e4aaa296e7d1e190') in 1.2357376 seconds
Number of updated asset objects reloaded before import = 0Number of asset objects unloaded after import = 2

========================================================================
Received Import Request.
  Time since last request: 0.000062 seconds.
  path: Assets/8K Skybox Pack Free/Example Scenes/sky-5.unity
  artifactKey: Guid(d2907a531cb2e454e8a34bbab74922da) Importer(2089858483,192608db42251d675da83286b1cce702)
Start importing Assets/8K Skybox Pack Free/Example Scenes/sky-5.unity using Guid(d2907a531cb2e454e8a34bbab74922da) Importer(2089858483,192608db42251d675da83286b1cce702) (ScriptedImporter) -> (artifact id: '36c05b6d76c6b992ef10f0235a3a14ca') in 0.0188165 seconds
Number of updated asset objects reloaded before import = 0Number of asset objects unloaded after import = 1

========================================================================
Received Import Request.
  Time since last request: 0.000066 seconds.
  path: Assets/Sat Productions/G-01/Street Lights Pack 01/Materials
  artifactKey: Guid(0531e634b2218d94681980d1ce90bb34) Importer(2089858483,192608db42251d675da83286b1cce702)
Start importing Assets/Sat Productions/G-01/Street Lights Pack 01/Materials using Guid(0531e634b2218d94681980d1ce90bb34) Importer(2089858483,192608db42251d675da83286b1cce702) (ScriptedImporter) -> (artifact id: '33af2ff73393131f30e7dce30e292cf3') in 0.0077202 seconds
Number of updated asset objects reloaded before import = 0Number of asset objects unloaded after import = 1

========================================================================
Received Import Request.
  Time since last request: 0.000038 seconds.
  path: Assets/Sat Productions/G-01/Street Lights Pack 01/Mesh/Street_Light_A_04.fbx
  artifactKey: Guid(d7f1cd7d216f9864f92cd0414aaede75) Importer(2089858483,192608db42251d675da83286b1cce702)
Start importing Assets/Sat Productions/G-01/Street Lights Pack 01/Mesh/Street_Light_A_04.fbx using Guid(d7f1cd7d216f9864f92cd0414aaede75) Importer(2089858483,192608db42251d675da83286b1cce702) (ScriptedImporter) -> (artifact id: '314c677d9ddfc225624672637800c49f') in 0.0481304 seconds
Number of updated asset objects reloaded before import = 0Number of asset objects unloaded after import = 29

========================================================================
Received Import Request.
  Time since last request: 0.000045 seconds.
  path: Assets/Sat Productions/G-01/Street Lights Pack 01/Mesh/Street_Light_A_03.fbx
  artifactKey: Guid(2fd51294846111c45abf952343e00ecc) Importer(2089858483,192608db42251d675da83286b1cce702)
Start importing Assets/Sat Productions/G-01/Street Lights Pack 01/Mesh/Street_Light_A_03.fbx using Guid(2fd51294846111c45abf952343e00ecc) Importer(2089858483,192608db42251d675da83286b1cce702) (ScriptedImporter) -> (artifact id: '93dc19d087e26bfdd264444512730b3d') in 0.0309232 seconds
Number of updated asset objects reloaded before import = 0Number of asset objects unloaded after import = 19

========================================================================
Received Import Request.
  Time since last request: 0.000055 seconds.
  path: Assets/8K Skybox Pack Free/Example Scenes/sky-8Settings.lighting
  artifactKey: Guid(ea0de65219b578b4e86b706996d6be17) Importer(2089858483,192608db42251d675da83286b1cce702)
Start importing Assets/8K Skybox Pack Free/Example Scenes/sky-8Settings.lighting using Guid(ea0de65219b578b4e86b706996d6be17) Importer(2089858483,192608db42251d675da83286b1cce702) (ScriptedImporter) -> (artifact id: '92bdba0d07603355c493e93ba119146d') in 0.0309189 seconds
Number of updated asset objects reloaded before import = 0Number of asset objects unloaded after import = 1

========================================================================
Received Import Request.
  Time since last request: 0.000036 seconds.
  path: Assets/Sat Productions/G-01/Street Lights Pack 01/Materials/Street_Light_Glass.mat
  artifactKey: Guid(5b15644d18c49694fa5155561bb69952) Importer(2089858483,192608db42251d675da83286b1cce702)
Start importing Assets/Sat Productions/G-01/Street Lights Pack 01/Materials/Street_Light_Glass.mat using Guid(5b15644d18c49694fa5155561bb69952) Importer(2089858483,192608db42251d675da83286b1cce702) (ScriptedImporter) -> (artifact id: '9b3789d7a633f1155e436892180fd9a3') in 0.2343904 seconds
Number of updated asset objects reloaded before import = 0Number of asset objects unloaded after import = 4

========================================================================
Received Import Request.
  Time since last request: 0.000047 seconds.
  path: Assets/Sat Productions/G-01/Street Lights Pack 01/Prefabs/Street_Light_A_01.prefab
  artifactKey: Guid(ac8de36d304adbd40a64494fe0b3ab67) Importer(2089858483,192608db42251d675da83286b1cce702)
Start importing Assets/Sat Productions/G-01/Street Lights Pack 01/Prefabs/Street_Light_A_01.prefab using Guid(ac8de36d304adbd40a64494fe0b3ab67) Importer(2089858483,192608db42251d675da83286b1cce702) (ScriptedImporter) -> (artifact id: 'c1e4a8f305902b8ea6590fc0e8e14c63') in 0.0199701 seconds
Number of updated asset objects reloaded before import = 0Number of asset objects unloaded after import = 33

========================================================================
Received Import Request.
  Time since last request: 0.000036 seconds.
  path: Assets/8K Skybox Pack Free/Example Scenes
  artifactKey: Guid(7cbe4bf7cac24db4bacc5b1a119f9ef1) Importer(2089858483,192608db42251d675da83286b1cce702)
Start importing Assets/8K Skybox Pack Free/Example Scenes using Guid(7cbe4bf7cac24db4bacc5b1a119f9ef1) Importer(2089858483,192608db42251d675da83286b1cce702) (ScriptedImporter) -> (artifact id: 'dcdb9ccf41bdcc5154e47916d89e2e6a') in 0.0049381 seconds
Number of updated asset objects reloaded before import = 0Number of asset objects unloaded after import = 1

========================================================================
Received Import Request.
  Time since last request: 0.000022 seconds.
  path: Assets/Sat Productions/G-01/Street Lights Pack 01/Textures/Street_Light_Glass_MaskMap.png
  artifactKey: Guid(6f3ba32910063304b98ed8a2d31cb382) Importer(2089858483,192608db42251d675da83286b1cce702)
Start importing Assets/Sat Productions/G-01/Street Lights Pack 01/Textures/Street_Light_Glass_MaskMap.png using Guid(6f3ba32910063304b98ed8a2d31cb382) Importer(2089858483,192608db42251d675da83286b1cce702) (ScriptedImporter)[Licensing::Client] Successfully resolved entitlement details
 -> (artifact id: 'a5e33af52f6b4444c2096559dbb4d001') in 0.1194375 seconds
Number of updated asset objects reloaded before import = 0Number of asset objects unloaded after import = 1

========================================================================
Received Import Request.
  Time since last request: 0.000027 seconds.
  path: Assets/8K Skybox Pack Free/Example Scenes/sky-2/ReflectionProbe-0.exr
  artifactKey: Guid(43e7fe4780116594885061815cef4008) Importer(2089858483,192608db42251d675da83286b1cce702)
Start importing Assets/8K Skybox Pack Free/Example Scenes/sky-2/ReflectionProbe-0.exr using Guid(43e7fe4780116594885061815cef4008) Importer(2089858483,192608db42251d675da83286b1cce702) (ScriptedImporter) -> (artifact id: '4054c672b221f6fa35a73ba7e72934fb') in 0.0213155 seconds
Number of updated asset objects reloaded before import = 0Number of asset objects unloaded after import = 1

========================================================================
Received Import Request.
  Time since last request: 0.000033 seconds.
  path: Assets/8K Skybox Pack Free/Example Scenes/sky-7.unity
  artifactKey: Guid(f4d7d8f1508419c40a7e88394f6fc3d5) Importer(2089858483,192608db42251d675da83286b1cce702)
Start importing Assets/8K Skybox Pack Free/Example Scenes/sky-7.unity using Guid(f4d7d8f1508419c40a7e88394f6fc3d5) Importer(2089858483,192608db42251d675da83286b1cce702) (ScriptedImporter) -> (artifact id: 'da342717c956b4cd932cd6e22b1eb920') in 0.0079272 seconds
Number of updated asset objects reloaded before import = 0Number of asset objects unloaded after import = 1

========================================================================
Received Import Request.
  Time since last request: 0.000021 seconds.
  path: Assets/8K Skybox Pack Free/Example Scenes/sky-4Settings.lighting
  artifactKey: Guid(186cc856825988142b225255c6e5242a) Importer(2089858483,192608db42251d675da83286b1cce702)
Start importing Assets/8K Skybox Pack Free/Example Scenes/sky-4Settings.lighting using Guid(186cc856825988142b225255c6e5242a) Importer(2089858483,192608db42251d675da83286b1cce702) (ScriptedImporter) -> (artifact id: '0376a4b0cda939076b036fe5da2a47c9') in 0.0113004 seconds
Number of updated asset objects reloaded before import = 0Number of asset objects unloaded after import = 1

========================================================================
Received Import Request.
  Time since last request: 0.000020 seconds.
  path: Assets/Resources/PerformanceTestRunSettings.json
  artifactKey: Guid(467a40522b01e4542af61f6433b29b26) Importer(2089858483,192608db42251d675da83286b1cce702)
Start importing Assets/Resources/PerformanceTestRunSettings.json using Guid(467a40522b01e4542af61f6433b29b26) Importer(2089858483,192608db42251d675da83286b1cce702) (ScriptedImporter) -> (artifact id: '6e29c5ab2f87644c0c2ac3eab6de8cd9') in 0.023716 seconds
Number of updated asset objects reloaded before import = 0Number of asset objects unloaded after import = 1

========================================================================
Received Import Request.
  Time since last request: 0.000030 seconds.
  path: Assets/Sat Productions/G-01/Street Lights Pack 01/Mesh/Street_Light_A_02.fbx
  artifactKey: Guid(d2b946c03df4e41468cdd4bc14322678) Importer(2089858483,192608db42251d675da83286b1cce702)
Start importing Assets/Sat Productions/G-01/Street Lights Pack 01/Mesh/Street_Light_A_02.fbx using Guid(d2b946c03df4e41468cdd4bc14322678) Importer(2089858483,192608db42251d675da83286b1cce702) (ScriptedImporter) -> (artifact id: '9b94403512d4ba078d9ac4020b5cdf20') in 0.0410417 seconds
Number of updated asset objects reloaded before import = 0Number of asset objects unloaded after import = 19

========================================================================
Received Import Request.
  Time since last request: 0.000067 seconds.
  path: Assets/8K Skybox Pack Free/Example Scenes/sky-3.unity
  artifactKey: Guid(130e488e25e50f544a898ab1b327e820) Importer(2089858483,192608db42251d675da83286b1cce702)
Start importing Assets/8K Skybox Pack Free/Example Scenes/sky-3.unity using Guid(130e488e25e50f544a898ab1b327e820) Importer(2089858483,192608db42251d675da83286b1cce702) (ScriptedImporter) -> (artifact id: 'd43b807facb15f7b0e2adc3c09d927c3') in 0.0087354 seconds
Number of updated asset objects reloaded before import = 0Number of asset objects unloaded after import = 1

========================================================================
Received Import Request.
  Time since last request: 0.000034 seconds.
  path: Assets/8K Skybox Pack Free/Skyboxes/Texture/sky-6.png
  artifactKey: Guid(22f0efbf93ea81b49bce3ac5f1488041) Importer(2089858483,192608db42251d675da83286b1cce702)
Start importing Assets/8K Skybox Pack Free/Skyboxes/Texture/sky-6.png using Guid(22f0efbf93ea81b49bce3ac5f1488041) Importer(2089858483,192608db42251d675da83286b1cce702) (ScriptedImporter) -> (artifact id: 'b06c1e815a138394279a9fbe7ebd1ae0') in 1.0503055 seconds
Number of updated asset objects reloaded before import = 0Number of asset objects unloaded after import = 1

========================================================================
Received Import Request.
  Time since last request: 0.000037 seconds.
  path: Assets/Sat Productions/G-01/Street Lights Pack 01/Mesh/Street_Light_A_09.fbx
  artifactKey: Guid(cabe5bc3d9d94d249947c45a75f964f0) Importer(2089858483,192608db42251d675da83286b1cce702)
Start importing Assets/Sat Productions/G-01/Street Lights Pack 01/Mesh/Street_Light_A_09.fbx using Guid(cabe5bc3d9d94d249947c45a75f964f0) Importer(2089858483,192608db42251d675da83286b1cce702) (ScriptedImporter) -> (artifact id: 'cf1cc27dd60b01e377203d4b46c0929e') in 0.0388963 seconds
Number of updated asset objects reloaded before import = 0Number of asset objects unloaded after import = 19

========================================================================
Received Import Request.
  Time since last request: 0.000042 seconds.
  path: Assets/Sat Productions/G-01/Street Lights Pack 01/Scenes/Demo Scene/LightingData.asset
  artifactKey: Guid(d6825e10bd114c74597c7a424e7b19dc) Importer(2089858483,192608db42251d675da83286b1cce702)
Start importing Assets/Sat Productions/G-01/Street Lights Pack 01/Scenes/Demo Scene/LightingData.asset using Guid(d6825e10bd114c74597c7a424e7b19dc) Importer(2089858483,192608db42251d675da83286b1cce702) (ScriptedImporter) -> (artifact id: 'b5ddbc9d2ad33946e4ac1fd2a8c2bf16') in 0.0133377 seconds
Number of updated asset objects reloaded before import = 0Number of asset objects unloaded after import = 2

========================================================================
Received Import Request.
  Time since last request: 0.000034 seconds.
  path: Assets/Sat Productions/G-01/Street Lights Pack 01/Textures
  artifactKey: Guid(cad6e1caa60092c4c9f6e82c8107cfce) Importer(2089858483,192608db42251d675da83286b1cce702)
Start importing Assets/Sat Productions/G-01/Street Lights Pack 01/Textures using Guid(cad6e1caa60092c4c9f6e82c8107cfce) Importer(2089858483,192608db42251d675da83286b1cce702) (ScriptedImporter) -> (artifact id: '2947f7f62cba305efabe9d7d056e8246') in 0.0127159 seconds
Number of updated asset objects reloaded before import = 0Number of asset objects unloaded after import = 1

========================================================================
Received Import Request.
  Time since last request: 0.000050 seconds.
  path: Assets/Sat Productions/G-01/Street Lights Pack 01/Prefabs/Street_Light_A_02.prefab
  artifactKey: Guid(b328f9c43bdb219408f70f56bad7e5e1) Importer(2089858483,192608db42251d675da83286b1cce702)
Start importing Assets/Sat Productions/G-01/Street Lights Pack 01/Prefabs/Street_Light_A_02.prefab using Guid(b328f9c43bdb219408f70f56bad7e5e1) Importer(2089858483,192608db42251d675da83286b1cce702) (ScriptedImporter) -> (artifact id: 'fcd355866613ab57679891975db979b1') in 0.0259759 seconds
Number of updated asset objects reloaded before import = 0Number of asset objects unloaded after import = 25

========================================================================
Received Import Request.
  Time since last request: 0.000061 seconds.
  path: Assets/8K Skybox Pack Free/Skyboxes/Texture/sky-9.png
  artifactKey: Guid(f15e9ebb1ca5a424c916746d3be478bb) Importer(2089858483,192608db42251d675da83286b1cce702)
Start importing Assets/8K Skybox Pack Free/Skyboxes/Texture/sky-9.png using Guid(f15e9ebb1ca5a424c916746d3be478bb) Importer(2089858483,192608db42251d675da83286b1cce702) (ScriptedImporter) -> (artifact id: 'bacfb687bf89a4b0806fbba2a90f8d7d') in 1.2312625 seconds
Number of updated asset objects reloaded before import = 0Number of asset objects unloaded after import = 1

========================================================================
Received Import Request.
  Time since last request: 0.000035 seconds.
  path: Assets/Sat Productions/G-01/Street Lights Pack 01/Textures/Street_Light_A_BaseMap.png
  artifactKey: Guid(f498a41d0c1546d4bbe1ec48792f0f44) Importer(2089858483,192608db42251d675da83286b1cce702)
Start importing Assets/Sat Productions/G-01/Street Lights Pack 01/Textures/Street_Light_A_BaseMap.png using Guid(f498a41d0c1546d4bbe1ec48792f0f44) Importer(2089858483,192608db42251d675da83286b1cce702) (ScriptedImporter) -> (artifact id: 'cbaf2a99d45200e1cc0ef688209f8905') in 0.0868361 seconds
Number of updated asset objects reloaded before import = 0Number of asset objects unloaded after import = 1

========================================================================
Received Import Request.
  Time since last request: 0.000045 seconds.
  path: Assets/_Recovery/0 (1).unity
  artifactKey: Guid(496bfc47e47938242a3fddb842cf7395) Importer(2089858483,192608db42251d675da83286b1cce702)
Start importing Assets/_Recovery/0 (1).unity using Guid(496bfc47e47938242a3fddb842cf7395) Importer(2089858483,192608db42251d675da83286b1cce702) (ScriptedImporter) -> (artifact id: '72d87b6e3e0a720b313f1c98c07bc7ed') in 0.0521451 seconds
Number of updated asset objects reloaded before import = 0Number of asset objects unloaded after import = 1

========================================================================
Received Import Request.
  Time since last request: 0.000098 seconds.
  path: Assets/Sat Productions/G-01/Street Lights Pack 01/Mesh/Street_Light_A_10.fbx
  artifactKey: Guid(75991e759737fda4c952c541b9c36d48) Importer(2089858483,192608db42251d675da83286b1cce702)
Start importing Assets/Sat Productions/G-01/Street Lights Pack 01/Mesh/Street_Light_A_10.fbx using Guid(75991e759737fda4c952c541b9c36d48) Importer(2089858483,192608db42251d675da83286b1cce702) (ScriptedImporter) -> (artifact id: '32bd5fa73b455366b012a5adca86defb') in 0.0409426 seconds
Number of updated asset objects reloaded before import = 0Number of asset objects unloaded after import = 14

========================================================================
Received Import Request.
  Time since last request: 0.000072 seconds.
  path: Assets/8K Skybox Pack Free/Skyboxes/Texture/sky-10.png
  artifactKey: Guid(0786698e0db475f468c5246a3253c740) Importer(2089858483,192608db42251d675da83286b1cce702)
Start importing Assets/8K Skybox Pack Free/Skyboxes/Texture/sky-10.png using Guid(0786698e0db475f468c5246a3253c740) Importer(2089858483,192608db42251d675da83286b1cce702) (ScriptedImporter) -> (artifact id: 'b5d944406ead4fb80fc0619b34d310ff') in 1.0930568 seconds
Number of updated asset objects reloaded before import = 0Number of asset objects unloaded after import = 1

========================================================================
Received Import Request.
  Time since last request: 0.000044 seconds.
  path: Assets/Sat Productions/G-01/Street Lights Pack 01/Textures/Street_Light_A_Normal.png
  artifactKey: Guid(61baed20f336d9c43a6170e0d2c6c68f) Importer(2089858483,192608db42251d675da83286b1cce702)
Start importing Assets/Sat Productions/G-01/Street Lights Pack 01/Textures/Street_Light_A_Normal.png using Guid(61baed20f336d9c43a6170e0d2c6c68f) Importer(2089858483,192608db42251d675da83286b1cce702) (ScriptedImporter) -> (artifact id: '3f14f9580960ac53471bac0ccf62aaea') in 0.0792632 seconds
Number of updated asset objects reloaded before import = 0Number of asset objects unloaded after import = 1

========================================================================
Received Import Request.
  Time since last request: 0.000058 seconds.
  path: Assets/8K Skybox Pack Free/Skyboxes/Texture/sky-2.png
  artifactKey: Guid(cd7d58d5520a6874587342352e94b970) Importer(2089858483,192608db42251d675da83286b1cce702)
Start importing Assets/8K Skybox Pack Free/Skyboxes/Texture/sky-2.png using Guid(cd7d58d5520a6874587342352e94b970) Importer(2089858483,192608db42251d675da83286b1cce702) (ScriptedImporter) -> (artifact id: '17c4585d453178c792fb866acaa2aec2') in 0.9657286 seconds
Number of updated asset objects reloaded before import = 0Number of asset objects unloaded after import = 1

========================================================================
Received Import Request.
  Time since last request: 0.000030 seconds.
  path: Assets/8K Skybox Pack Free/Example Scenes/sky-10Settings.lighting
  artifactKey: Guid(5db06ec8132f6444ea00b7afc7fce690) Importer(2089858483,192608db42251d675da83286b1cce702)
Start importing Assets/8K Skybox Pack Free/Example Scenes/sky-10Settings.lighting using Guid(5db06ec8132f6444ea00b7afc7fce690) Importer(2089858483,192608db42251d675da83286b1cce702) (ScriptedImporter) -> (artifact id: 'eb5a42473c526779c9986cc4770c0b99') in 0.0169348 seconds
Number of updated asset objects reloaded before import = 0Number of asset objects unloaded after import = 1

========================================================================
Received Import Request.
  Time since last request: 0.000036 seconds.
  path: Assets/Sat Productions/G-01/Street Lights Pack 01/Prefabs/Street_Light_A_05.prefab
  artifactKey: Guid(b197d93fb5f260247b2a5e506aec7085) Importer(2089858483,192608db42251d675da83286b1cce702)
Start importing Assets/Sat Productions/G-01/Street Lights Pack 01/Prefabs/Street_Light_A_05.prefab using Guid(b197d93fb5f260247b2a5e506aec7085) Importer(2089858483,192608db42251d675da83286b1cce702) (ScriptedImporter) -> (artifact id: '648b1a5177ceed047b7d323f29da15c7') in 0.0237811 seconds
Number of updated asset objects reloaded before import = 0Number of asset objects unloaded after import = 17

========================================================================
Received Import Request.
  Time since last request: 0.000053 seconds.
  path: Assets/8K Skybox Pack Free/Skyboxes/Texture/sky-8.png
  artifactKey: Guid(c902ec8c76a899044a8cb1fddfb1dc39) Importer(2089858483,192608db42251d675da83286b1cce702)
Start importing Assets/8K Skybox Pack Free/Skyboxes/Texture/sky-8.png using Guid(c902ec8c76a899044a8cb1fddfb1dc39) Importer(2089858483,192608db42251d675da83286b1cce702) (ScriptedImporter) -> (artifact id: '49d0e278f9e94558d38b0d869ff3791f') in 1.1011727 seconds
Number of updated asset objects reloaded before import = 0Number of asset objects unloaded after import = 1

========================================================================
Received Import Request.
  Time since last request: 0.000035 seconds.
  path: Assets/8K Skybox Pack Free/Example Scenes/sky-6.unity
  artifactKey: Guid(5639d6307d5ca7946894b4734f3c3b5d) Importer(2089858483,192608db42251d675da83286b1cce702)
Start importing Assets/8K Skybox Pack Free/Example Scenes/sky-6.unity using Guid(5639d6307d5ca7946894b4734f3c3b5d) Importer(2089858483,192608db42251d675da83286b1cce702) (ScriptedImporter) -> (artifact id: '5cf9b313b4573046e6180daa96f95a33') in 0.0092293 seconds
Number of updated asset objects reloaded before import = 0Number of asset objects unloaded after import = 1

========================================================================
Received Import Request.
  Time since last request: 0.000035 seconds.
  path: Assets/8K Skybox Pack Free/Skyboxes/Material/sky-10.mat
  artifactKey: Guid(47b7a45414f3b564e9e8349bfa18b29f) Importer(2089858483,192608db42251d675da83286b1cce702)
Start importing Assets/8K Skybox Pack Free/Skyboxes/Material/sky-10.mat using Guid(47b7a45414f3b564e9e8349bfa18b29f) Importer(2089858483,192608db42251d675da83286b1cce702) (ScriptedImporter) -> (artifact id: 'fd9f1ee6bb8adad4b91517ebf919994f') in 0.7913332 seconds
Number of updated asset objects reloaded before import = 0Number of asset objects unloaded after import = 2

========================================================================
Received Import Request.
  Time since last request: 0.000096 seconds.
  path: Assets/8K Skybox Pack Free/Example Scenes/sky-2Settings.lighting
  artifactKey: Guid(35556ff77566db44285ea6eda593dfa7) Importer(2089858483,192608db42251d675da83286b1cce702)
Start importing Assets/8K Skybox Pack Free/Example Scenes/sky-2Settings.lighting using Guid(35556ff77566db44285ea6eda593dfa7) Importer(2089858483,192608db42251d675da83286b1cce702) (ScriptedImporter) -> (artifact id: '019592cdaae186997602b3010ca96d1b') in 0.0191113 seconds
Number of updated asset objects reloaded before import = 0Number of asset objects unloaded after import = 1

========================================================================
Received Import Request.
  Time since last request: 0.000061 seconds.
  path: Assets/Sat Productions/G-01/Street Lights Pack 01/Street Lights Pack 01 HDRP.unitypackage
  artifactKey: Guid(d54731ffb81fef44c827942082c42b59) Importer(2089858483,192608db42251d675da83286b1cce702)
Start importing Assets/Sat Productions/G-01/Street Lights Pack 01/Street Lights Pack 01 HDRP.unitypackage using Guid(d54731ffb81fef44c827942082c42b59) Importer(2089858483,192608db42251d675da83286b1cce702) (ScriptedImporter) -> (artifact id: '49b3d298855809161c32c9cbd05422f6') in 0.0078253 seconds
Number of updated asset objects reloaded before import = 0Number of asset objects unloaded after import = 1

========================================================================
Received Import Request.
  Time since last request: 0.000023 seconds.
  path: Assets/Sat Productions/G-01/Street Lights Pack 01/Textures/Street_Light_A_MaskMap.png
  artifactKey: Guid(bfffe8100de362d4c9e36965a56c4822) Importer(2089858483,192608db42251d675da83286b1cce702)
Start importing Assets/Sat Productions/G-01/Street Lights Pack 01/Textures/Street_Light_A_MaskMap.png using Guid(bfffe8100de362d4c9e36965a56c4822) Importer(2089858483,192608db42251d675da83286b1cce702) (ScriptedImporter) -> (artifact id: '79e30508853ee1f99006b4610d89506e') in 0.0657741 seconds
Number of updated asset objects reloaded before import = 0Number of asset objects unloaded after import = 1

========================================================================
Received Import Request.
  Time since last request: 0.000038 seconds.
  path: Assets/Sat Productions/G-01/Street Lights Pack 01/Prefabs
  artifactKey: Guid(6ba7213fef0ec4a4ba3edd8ad2770f1f) Importer(2089858483,192608db42251d675da83286b1cce702)
Start importing Assets/Sat Productions/G-01/Street Lights Pack 01/Prefabs using Guid(6ba7213fef0ec4a4ba3edd8ad2770f1f) Importer(2089858483,192608db42251d675da83286b1cce702) (ScriptedImporter) -> (artifact id: '99716ce8f33fa90e9dd9dd948d76a336') in 0.0062605 seconds
Number of updated asset objects reloaded before import = 0Number of asset objects unloaded after import = 1

========================================================================
Received Import Request.
  Time since last request: 0.000037 seconds.
  path: Assets/8K Skybox Pack Free/Skyboxes/Texture/sky-5.png
  artifactKey: Guid(100fa8e1632686d4197cf0ade5e18678) Importer(2089858483,192608db42251d675da83286b1cce702)
Start importing Assets/8K Skybox Pack Free/Skyboxes/Texture/sky-5.png using Guid(100fa8e1632686d4197cf0ade5e18678) Importer(2089858483,192608db42251d675da83286b1cce702) (ScriptedImporter) -> (artifact id: '7af22cd2d96688e96f2b08143a770739') in 1.0087233 seconds
Number of updated asset objects reloaded before import = 0Number of asset objects unloaded after import = 1

========================================================================
Received Import Request.
  Time since last request: 0.000081 seconds.
  path: Assets/Sat Productions/G-01/Street Lights Pack 01/Scenes
  artifactKey: Guid(ee670effe3e8d9e4c8c3a8abd44390e0) Importer(2089858483,192608db42251d675da83286b1cce702)
Start importing Assets/Sat Productions/G-01/Street Lights Pack 01/Scenes using Guid(ee670effe3e8d9e4c8c3a8abd44390e0) Importer(2089858483,192608db42251d675da83286b1cce702) (ScriptedImporter) -> (artifact id: 'e4867af36ad0ee7cd5ef68e70a9562c5') in 0.0114707 seconds
Number of updated asset objects reloaded before import = 0Number of asset objects unloaded after import = 1

========================================================================
Received Import Request.
  Time since last request: 0.000039 seconds.
  path: Assets/8K Skybox Pack Free/Skyboxes/Material/sky-7.mat
  artifactKey: Guid(5336727d7be32404c9ac396789142e1c) Importer(2089858483,192608db42251d675da83286b1cce702)
Start importing Assets/8K Skybox Pack Free/Skyboxes/Material/sky-7.mat using Guid(5336727d7be32404c9ac396789142e1c) Importer(2089858483,192608db42251d675da83286b1cce702) (ScriptedImporter) -> (artifact id: 'd5c23daa305442cde5c350f15167ede7') in 1.1006767 seconds
Number of updated asset objects reloaded before import = 0Number of asset objects unloaded after import = 2

========================================================================
Received Import Request.
  Time since last request: 0.000082 seconds.
  path: Assets/8K Skybox Pack Free/ReadMe.txt
  artifactKey: Guid(536b3a3aebe2d354580ade0064a6416b) Importer(2089858483,192608db42251d675da83286b1cce702)
Start importing Assets/8K Skybox Pack Free/ReadMe.txt using Guid(536b3a3aebe2d354580ade0064a6416b) Importer(2089858483,192608db42251d675da83286b1cce702) (ScriptedImporter) -> (artifact id: '68e9fccd8efa36abec68bec69e029499') in 0.0100354 seconds
Number of updated asset objects reloaded before import = 0Number of asset objects unloaded after import = 1

========================================================================
Received Import Request.
  Time since last request: 0.000081 seconds.
  path: Assets/Sat Productions/G-01/Street Lights Pack 01/Textures/Street_Light_Glass_Normal.png
  artifactKey: Guid(13d5de309daae184d8e4d3949f9f2583) Importer(2089858483,192608db42251d675da83286b1cce702)
Start importing Assets/Sat Productions/G-01/Street Lights Pack 01/Textures/Street_Light_Glass_Normal.png using Guid(13d5de309daae184d8e4d3949f9f2583) Importer(2089858483,192608db42251d675da83286b1cce702) (ScriptedImporter) -> (artifact id: '78e40358dd8153f2a8d3afff7684a571') in 0.098662 seconds
Number of updated asset objects reloaded before import = 0Number of asset objects unloaded after import = 1

========================================================================
Received Import Request.
  Time since last request: 0.000079 seconds.
  path: Assets/Sat Productions/G-01/Street Lights Pack 01/Mesh/Street_Light_A_06.fbx
  artifactKey: Guid(b0167246378230f47abd658f03173455) Importer(2089858483,192608db42251d675da83286b1cce702)
Start importing Assets/Sat Productions/G-01/Street Lights Pack 01/Mesh/Street_Light_A_06.fbx using Guid(b0167246378230f47abd658f03173455) Importer(2089858483,192608db42251d675da83286b1cce702) (ScriptedImporter) -> (artifact id: 'f6dc5b7d8360a0230fb58300f7f2ad3b') in 0.0523976 seconds
Number of updated asset objects reloaded before import = 0Number of asset objects unloaded after import = 14

========================================================================
Received Import Request.
  Time since last request: 0.000061 seconds.
  path: Assets/8K Skybox Pack Free/Example Scenes/sky-1.unity
  artifactKey: Guid(5d52c366611a3cb47bf94b5bf4eb6af7) Importer(2089858483,192608db42251d675da83286b1cce702)
Start importing Assets/8K Skybox Pack Free/Example Scenes/sky-1.unity using Guid(5d52c366611a3cb47bf94b5bf4eb6af7) Importer(2089858483,192608db42251d675da83286b1cce702) (ScriptedImporter) -> (artifact id: 'fef856328a84f406e1095304cb21c4cf') in 0.0139957 seconds
Number of updated asset objects reloaded before import = 0Number of asset objects unloaded after import = 1

========================================================================
Received Import Request.
  Time since last request: 0.000040 seconds.
  path: Assets/8K Skybox Pack Free/Example Scenes/sky-1Settings.lighting
  artifactKey: Guid(42efd0080ea101d4196353178d5b3d78) Importer(2089858483,192608db42251d675da83286b1cce702)
Start importing Assets/8K Skybox Pack Free/Example Scenes/sky-1Settings.lighting using Guid(42efd0080ea101d4196353178d5b3d78) Importer(2089858483,192608db42251d675da83286b1cce702) (ScriptedImporter) -> (artifact id: '2e9fb34df651ae6c592fd12518b49a0b') in 0.0163415 seconds
Number of updated asset objects reloaded before import = 0Number of asset objects unloaded after import = 1

========================================================================
Received Import Request.
  Time since last request: 0.000032 seconds.
  path: Assets/Sat Productions/G-01/Street Lights Pack 01/Mesh/Street_Light_A_05.fbx
  artifactKey: Guid(35d88c4a00b235149a337b3a6550f6ad) Importer(2089858483,192608db42251d675da83286b1cce702)
Start importing Assets/Sat Productions/G-01/Street Lights Pack 01/Mesh/Street_Light_A_05.fbx using Guid(35d88c4a00b235149a337b3a6550f6ad) Importer(2089858483,192608db42251d675da83286b1cce702) (ScriptedImporter) -> (artifact id: '55c03273c8b7dc106a80e53c8719a744') in 0.0410462 seconds
Number of updated asset objects reloaded before import = 0Number of asset objects unloaded after import = 14

========================================================================
Received Import Request.
  Time since last request: 0.000071 seconds.
  path: Assets/8K Skybox Pack Free/Example Scenes/sky-4.unity
  artifactKey: Guid(32a93ca2f23f72845acdf69ec8de31d9) Importer(2089858483,192608db42251d675da83286b1cce702)
Start importing Assets/8K Skybox Pack Free/Example Scenes/sky-4.unity using Guid(32a93ca2f23f72845acdf69ec8de31d9) Importer(2089858483,192608db42251d675da83286b1cce702) (ScriptedImporter) -> (artifact id: '58af3821adb98e9f6adc2e78e974cd9b') in 0.0080974 seconds
Number of updated asset objects reloaded before import = 0Number of asset objects unloaded after import = 1

========================================================================
Received Import Request.
  Time since last request: 0.000037 seconds.
  path: Assets/Sat Productions/G-01/Street Lights Pack 01/Scenes/Demo/Stand.fbx
  artifactKey: Guid(b7356fa7aed15464aae4d4a85d6452aa) Importer(2089858483,192608db42251d675da83286b1cce702)
Start importing Assets/Sat Productions/G-01/Street Lights Pack 01/Scenes/Demo/Stand.fbx using Guid(b7356fa7aed15464aae4d4a85d6452aa) Importer(2089858483,192608db42251d675da83286b1cce702) (ScriptedImporter) -> (artifact id: '5587181b5b013afa69089176d2c10b1a') in 0.022265 seconds
Number of updated asset objects reloaded before import = 0Number of asset objects unloaded after import = 7

========================================================================
Received Import Request.
  Time since last request: 0.000055 seconds.
  path: Assets/Sat Productions/G-01/Street Lights Pack 01/Prefabs/Street_Light_A_04.prefab
  artifactKey: Guid(08f72a9a2c41d7248ba85fb0dfed0b76) Importer(2089858483,192608db42251d675da83286b1cce702)
Start importing Assets/Sat Productions/G-01/Street Lights Pack 01/Prefabs/Street_Light_A_04.prefab using Guid(08f72a9a2c41d7248ba85fb0dfed0b76) Importer(2089858483,192608db42251d675da83286b1cce702) (ScriptedImporter) -> (artifact id: '0b94e5cced5c786bc5d33ab8335674a6') in 0.0254481 seconds
Number of updated asset objects reloaded before import = 0Number of asset objects unloaded after import = 41

========================================================================
Received Import Request.
  Time since last request: 0.000043 seconds.
  path: Assets/Sat Productions/G-01/Street Lights Pack 01/Mesh/Street_Light_A_07.fbx
  artifactKey: Guid(e3443b2aba6f68945aa8e50b70250cf6) Importer(2089858483,192608db42251d675da83286b1cce702)
Start importing Assets/Sat Productions/G-01/Street Lights Pack 01/Mesh/Street_Light_A_07.fbx using Guid(e3443b2aba6f68945aa8e50b70250cf6) Importer(2089858483,192608db42251d675da83286b1cce702) (ScriptedImporter) -> (artifact id: '7a24514cd3bc614fbd19b4748641d524') in 0.0221148 seconds
Number of updated asset objects reloaded before import = 0Number of asset objects unloaded after import = 14

========================================================================
Received Import Request.
  Time since last request: 0.000043 seconds.
  path: Assets/8K Skybox Pack Free/Skyboxes/Material/sky-6.mat
  artifactKey: Guid(b87cacf51931a5841b5931a664fd0730) Importer(2089858483,192608db42251d675da83286b1cce702)
Start importing Assets/8K Skybox Pack Free/Skyboxes/Material/sky-6.mat using Guid(b87cacf51931a5841b5931a664fd0730) Importer(2089858483,192608db42251d675da83286b1cce702) (ScriptedImporter) -> (artifact id: '2ea6473d98c136878d1b5df5026bf372') in 1.4089936 seconds
Number of updated asset objects reloaded before import = 0Number of asset objects unloaded after import = 2

========================================================================
Received Import Request.
  Time since last request: 0.000063 seconds.
  path: Assets/8K Skybox Pack Free/Skyboxes/Material/sky-3.mat
  artifactKey: Guid(23002981675cee84bbbebf0794b85ea2) Importer(2089858483,192608db42251d675da83286b1cce702)
Start importing Assets/8K Skybox Pack Free/Skyboxes/Material/sky-3.mat using Guid(23002981675cee84bbbebf0794b85ea2) Importer(2089858483,192608db42251d675da83286b1cce702) (ScriptedImporter) -> (artifact id: '2353372ae3854b62357fe32344c39c08') in 0.946318 seconds
Number of updated asset objects reloaded before import = 0Number of asset objects unloaded after import = 2

